
*** Running vivado
    with args -log System_Zybo_PWMext_0_0.vds -m64 -product Vivado -mode batch -messageDb vivado.pb -notrace -source System_Zybo_PWMext_0_0.tcl


****** Vivado v2017.3.1 (64-bit)
  **** SW Build 2035080 on Fri Oct 20 14:20:01 MDT 2017
  **** IP Build 2034413 on Fri Oct 20 15:56:25 MDT 2017
    ** Copyright 1986-2017 Xilinx, Inc. All Rights Reserved.

source System_Zybo_PWMext_0_0.tcl -notrace
Command: synth_design -top System_Zybo_PWMext_0_0 -part xc7z010clg400-1 -mode out_of_context
Starting synth_design
Attempting to get a license for feature 'Synthesis' and/or device 'xc7z010'
INFO: [Common 17-349] Got license for feature 'Synthesis' and/or device 'xc7z010'
INFO: Launching helper process for spawning children vivado processes
INFO: Helper process launched with PID 7764 
---------------------------------------------------------------------------------
Starting RTL Elaboration : Time (s): cpu = 00:00:08 ; elapsed = 00:00:08 . Memory (MB): peak = 351.406 ; gain = 101.504
---------------------------------------------------------------------------------
INFO: [Synth 8-638] synthesizing module 'System_Zybo_PWMext_0_0' [c:/Users/jlrei/Documents/SourceTree/EE324_Lab4ext/EE324_Lab4ext.srcs/sources_1/bd/System/ip/System_Zybo_PWMext_0_0/synth/System_Zybo_PWMext_0_0.v:57]
INFO: [Synth 8-638] synthesizing module 'Zybo_PWMext_v1_0' [c:/Users/jlrei/Documents/SourceTree/EE324_Lab4ext/EE324_Lab4ext.srcs/sources_1/bd/System/ipshared/74b3/hdl/Zybo_PWMext_v1_0.v:4]
	Parameter C_S_AXI_DATA_WIDTH bound to: 32 - type: integer 
	Parameter C_S_AXI_ADDR_WIDTH bound to: 6 - type: integer 
INFO: [Synth 8-638] synthesizing module 'Zybo_PWMext_v1_0_S_AXI' [c:/Users/jlrei/Documents/SourceTree/EE324_Lab4ext/EE324_Lab4ext.srcs/sources_1/bd/System/ipshared/74b3/hdl/Zybo_PWMext_v1_0_S_AXI.v:4]
	Parameter C_S_AXI_DATA_WIDTH bound to: 32 - type: integer 
	Parameter C_S_AXI_ADDR_WIDTH bound to: 6 - type: integer 
	Parameter ADDR_LSB bound to: 2 - type: integer 
	Parameter OPT_MEM_ADDR_BITS bound to: 3 - type: integer 
INFO: [Synth 8-256] done synthesizing module 'Zybo_PWMext_v1_0_S_AXI' (1#1) [c:/Users/jlrei/Documents/SourceTree/EE324_Lab4ext/EE324_Lab4ext.srcs/sources_1/bd/System/ipshared/74b3/hdl/Zybo_PWMext_v1_0_S_AXI.v:4]
INFO: [Synth 8-638] synthesizing module 'Clock_Divider' [c:/Users/jlrei/Documents/SourceTree/EE324_Lab4ext/EE324_Lab4ext.srcs/sources_1/bd/System/ipshared/74b3/src/Clock_Divider.v:23]
INFO: [Synth 8-256] done synthesizing module 'Clock_Divider' (2#1) [c:/Users/jlrei/Documents/SourceTree/EE324_Lab4ext/EE324_Lab4ext.srcs/sources_1/bd/System/ipshared/74b3/src/Clock_Divider.v:23]
INFO: [Synth 8-638] synthesizing module 'PWM_Counter' [c:/Users/jlrei/Documents/SourceTree/EE324_Lab4ext/EE324_Lab4ext.srcs/sources_1/bd/System/ipshared/74b3/src/PWM_Counter.v:23]
INFO: [Synth 8-256] done synthesizing module 'PWM_Counter' (3#1) [c:/Users/jlrei/Documents/SourceTree/EE324_Lab4ext/EE324_Lab4ext.srcs/sources_1/bd/System/ipshared/74b3/src/PWM_Counter.v:23]
INFO: [Synth 8-638] synthesizing module 'PWM_Comparator' [c:/Users/jlrei/Documents/SourceTree/EE324_Lab4ext/EE324_Lab4ext.srcs/sources_1/bd/System/ipshared/74b3/src/PWM_Comparator.v:23]
INFO: [Synth 8-256] done synthesizing module 'PWM_Comparator' (4#1) [c:/Users/jlrei/Documents/SourceTree/EE324_Lab4ext/EE324_Lab4ext.srcs/sources_1/bd/System/ipshared/74b3/src/PWM_Comparator.v:23]
INFO: [Synth 8-256] done synthesizing module 'Zybo_PWMext_v1_0' (5#1) [c:/Users/jlrei/Documents/SourceTree/EE324_Lab4ext/EE324_Lab4ext.srcs/sources_1/bd/System/ipshared/74b3/hdl/Zybo_PWMext_v1_0.v:4]
INFO: [Synth 8-256] done synthesizing module 'System_Zybo_PWMext_0_0' (6#1) [c:/Users/jlrei/Documents/SourceTree/EE324_Lab4ext/EE324_Lab4ext.srcs/sources_1/bd/System/ip/System_Zybo_PWMext_0_0/synth/System_Zybo_PWMext_0_0.v:57]
WARNING: [Synth 8-3331] design Zybo_PWMext_v1_0_S_AXI has unconnected port S_AXI_AWPROT[2]
WARNING: [Synth 8-3331] design Zybo_PWMext_v1_0_S_AXI has unconnected port S_AXI_AWPROT[1]
WARNING: [Synth 8-3331] design Zybo_PWMext_v1_0_S_AXI has unconnected port S_AXI_AWPROT[0]
WARNING: [Synth 8-3331] design Zybo_PWMext_v1_0_S_AXI has unconnected port S_AXI_ARPROT[2]
WARNING: [Synth 8-3331] design Zybo_PWMext_v1_0_S_AXI has unconnected port S_AXI_ARPROT[1]
WARNING: [Synth 8-3331] design Zybo_PWMext_v1_0_S_AXI has unconnected port S_AXI_ARPROT[0]
---------------------------------------------------------------------------------
Finished RTL Elaboration : Time (s): cpu = 00:00:09 ; elapsed = 00:00:09 . Memory (MB): peak = 404.039 ; gain = 154.137
---------------------------------------------------------------------------------

Report Check Netlist: 
+------+------------------+-------+---------+-------+------------------+
|      |Item              |Errors |Warnings |Status |Description       |
+------+------------------+-------+---------+-------+------------------+
|1     |multi_driven_nets |      0|        0|Passed |Multi driven nets |
+------+------------------+-------+---------+-------+------------------+
---------------------------------------------------------------------------------
Finished RTL Optimization Phase 1 : Time (s): cpu = 00:00:09 ; elapsed = 00:00:09 . Memory (MB): peak = 404.039 ; gain = 154.137
---------------------------------------------------------------------------------
INFO: [Device 21-403] Loading part xc7z010clg400-1
INFO: [Project 1-570] Preparing netlist for logic optimization

Processing XDC Constraints
Initializing timing engine
Completed Processing XDC Constraints

INFO: [Project 1-111] Unisim Transformation Summary:
No Unisim elements were transformed.

Constraint Validation Runtime : Time (s): cpu = 00:00:01 ; elapsed = 00:00:00.029 . Memory (MB): peak = 726.438 ; gain = 0.000
---------------------------------------------------------------------------------
Finished Constraint Validation : Time (s): cpu = 00:00:24 ; elapsed = 00:00:25 . Memory (MB): peak = 726.438 ; gain = 476.535
---------------------------------------------------------------------------------
---------------------------------------------------------------------------------
Start Loading Part and Timing Information
---------------------------------------------------------------------------------
Loading part: xc7z010clg400-1
---------------------------------------------------------------------------------
Finished Loading Part and Timing Information : Time (s): cpu = 00:00:24 ; elapsed = 00:00:25 . Memory (MB): peak = 726.438 ; gain = 476.535
---------------------------------------------------------------------------------
---------------------------------------------------------------------------------
Start Applying 'set_property' XDC Constraints
---------------------------------------------------------------------------------
---------------------------------------------------------------------------------
Finished applying 'set_property' XDC Constraints : Time (s): cpu = 00:00:24 ; elapsed = 00:00:25 . Memory (MB): peak = 726.438 ; gain = 476.535
---------------------------------------------------------------------------------
WARNING: [Synth 8-6014] Unused sequential element counter_reg was removed.  [c:/Users/jlrei/Documents/SourceTree/EE324_Lab4ext/EE324_Lab4ext.srcs/sources_1/bd/System/ipshared/74b3/src/Clock_Divider.v:39]
---------------------------------------------------------------------------------
Finished RTL Optimization Phase 2 : Time (s): cpu = 00:00:24 ; elapsed = 00:00:25 . Memory (MB): peak = 726.438 ; gain = 476.535
---------------------------------------------------------------------------------

Report RTL Partitions: 
+-+--------------+------------+----------+
| |RTL Partition |Replication |Instances |
+-+--------------+------------+----------+
+-+--------------+------------+----------+
---------------------------------------------------------------------------------
Start RTL Component Statistics 
---------------------------------------------------------------------------------
Detailed RTL Component Info : 
+---Adders : 
	   2 Input     10 Bit       Adders := 4     
+---Registers : 
	               32 Bit    Registers := 10    
	               10 Bit    Registers := 4     
	                6 Bit    Registers := 2     
	                2 Bit    Registers := 2     
	                1 Bit    Registers := 14    
+---Muxes : 
	   2 Input     32 Bit        Muxes := 9     
	  10 Input     32 Bit        Muxes := 9     
	   2 Input      1 Bit        Muxes := 5     
---------------------------------------------------------------------------------
Finished RTL Component Statistics 
---------------------------------------------------------------------------------
---------------------------------------------------------------------------------
Start RTL Hierarchical Component Statistics 
---------------------------------------------------------------------------------
Hierarchical RTL Component report 
Module Zybo_PWMext_v1_0_S_AXI 
Detailed RTL Component Info : 
+---Registers : 
	               32 Bit    Registers := 10    
	                6 Bit    Registers := 2     
	                2 Bit    Registers := 2     
	                1 Bit    Registers := 6     
+---Muxes : 
	   2 Input     32 Bit        Muxes := 9     
	  10 Input     32 Bit        Muxes := 9     
	   2 Input      1 Bit        Muxes := 5     
Module Clock_Divider 
Detailed RTL Component Info : 
+---Registers : 
	                1 Bit    Registers := 1     
Module PWM_Counter 
Detailed RTL Component Info : 
+---Adders : 
	   2 Input     10 Bit       Adders := 1     
+---Registers : 
	               10 Bit    Registers := 1     
Module PWM_Comparator 
Detailed RTL Component Info : 
+---Registers : 
	                1 Bit    Registers := 1     
---------------------------------------------------------------------------------
Finished RTL Hierarchical Component Statistics
---------------------------------------------------------------------------------
---------------------------------------------------------------------------------
Start Part Resource Summary
---------------------------------------------------------------------------------
Part Resources:
DSPs: 80 (col length:40)
BRAMs: 120 (col length: RAMB18 40 RAMB36 20)
---------------------------------------------------------------------------------
Finished Part Resource Summary
---------------------------------------------------------------------------------
---------------------------------------------------------------------------------
Start Cross Boundary and Area Optimization
---------------------------------------------------------------------------------
WARNING: [Synth 8-6014] Unused sequential element counter_reg was removed.  [c:/Users/jlrei/Documents/SourceTree/EE324_Lab4ext/EE324_Lab4ext.srcs/sources_1/bd/System/ipshared/74b3/src/Clock_Divider.v:39]
WARNING: [Synth 8-6014] Unused sequential element counter_reg was removed.  [c:/Users/jlrei/Documents/SourceTree/EE324_Lab4ext/EE324_Lab4ext.srcs/sources_1/bd/System/ipshared/74b3/src/Clock_Divider.v:39]
WARNING: [Synth 8-6014] Unused sequential element counter_reg was removed.  [c:/Users/jlrei/Documents/SourceTree/EE324_Lab4ext/EE324_Lab4ext.srcs/sources_1/bd/System/ipshared/74b3/src/Clock_Divider.v:39]
WARNING: [Synth 8-6014] Unused sequential element counter_reg was removed.  [c:/Users/jlrei/Documents/SourceTree/EE324_Lab4ext/EE324_Lab4ext.srcs/sources_1/bd/System/ipshared/74b3/src/Clock_Divider.v:39]
WARNING: [Synth 8-3331] design Zybo_PWMext_v1_0_S_AXI has unconnected port S_AXI_AWPROT[2]
WARNING: [Synth 8-3331] design Zybo_PWMext_v1_0_S_AXI has unconnected port S_AXI_AWPROT[1]
WARNING: [Synth 8-3331] design Zybo_PWMext_v1_0_S_AXI has unconnected port S_AXI_AWPROT[0]
WARNING: [Synth 8-3331] design Zybo_PWMext_v1_0_S_AXI has unconnected port S_AXI_ARPROT[2]
WARNING: [Synth 8-3331] design Zybo_PWMext_v1_0_S_AXI has unconnected port S_AXI_ARPROT[1]
WARNING: [Synth 8-3331] design Zybo_PWMext_v1_0_S_AXI has unconnected port S_AXI_ARPROT[0]
INFO: [Synth 8-3886] merging instance 'inst/Zybo_PWMext_v1_0_S_AXI_inst/axi_rresp_reg[0]' (FDRE) to 'inst/Zybo_PWMext_v1_0_S_AXI_inst/axi_rresp_reg[1]'
INFO: [Synth 8-3333] propagating constant 0 across sequential element (inst/Zybo_PWMext_v1_0_S_AXI_inst/\axi_rresp_reg[1] )
INFO: [Synth 8-3886] merging instance 'inst/Zybo_PWMext_v1_0_S_AXI_inst/axi_bresp_reg[0]' (FDRE) to 'inst/Zybo_PWMext_v1_0_S_AXI_inst/axi_bresp_reg[1]'
INFO: [Synth 8-3333] propagating constant 0 across sequential element (inst/Zybo_PWMext_v1_0_S_AXI_inst/\axi_bresp_reg[1] )
WARNING: [Synth 8-3332] Sequential element (axi_awaddr_reg[1]) is unused and will be removed from module Zybo_PWMext_v1_0_S_AXI.
WARNING: [Synth 8-3332] Sequential element (axi_awaddr_reg[0]) is unused and will be removed from module Zybo_PWMext_v1_0_S_AXI.
WARNING: [Synth 8-3332] Sequential element (axi_bresp_reg[1]) is unused and will be removed from module Zybo_PWMext_v1_0_S_AXI.
WARNING: [Synth 8-3332] Sequential element (axi_araddr_reg[1]) is unused and will be removed from module Zybo_PWMext_v1_0_S_AXI.
WARNING: [Synth 8-3332] Sequential element (axi_araddr_reg[0]) is unused and will be removed from module Zybo_PWMext_v1_0_S_AXI.
WARNING: [Synth 8-3332] Sequential element (axi_rresp_reg[1]) is unused and will be removed from module Zybo_PWMext_v1_0_S_AXI.
---------------------------------------------------------------------------------
Finished Cross Boundary and Area Optimization : Time (s): cpu = 00:00:27 ; elapsed = 00:00:28 . Memory (MB): peak = 726.438 ; gain = 476.535
---------------------------------------------------------------------------------

Report RTL Partitions: 
+-+--------------+------------+----------+
| |RTL Partition |Replication |Instances |
+-+--------------+------------+----------+
+-+--------------+------------+----------+
---------------------------------------------------------------------------------
Start Applying XDC Timing Constraints
---------------------------------------------------------------------------------
---------------------------------------------------------------------------------
Finished Applying XDC Timing Constraints : Time (s): cpu = 00:00:40 ; elapsed = 00:00:41 . Memory (MB): peak = 733.176 ; gain = 483.273
---------------------------------------------------------------------------------
---------------------------------------------------------------------------------
Start Timing Optimization
---------------------------------------------------------------------------------
---------------------------------------------------------------------------------
Finished Timing Optimization : Time (s): cpu = 00:00:40 ; elapsed = 00:00:42 . Memory (MB): peak = 735.883 ; gain = 485.980
---------------------------------------------------------------------------------

Report RTL Partitions: 
+-+--------------+------------+----------+
| |RTL Partition |Replication |Instances |
+-+--------------+------------+----------+
+-+--------------+------------+----------+
---------------------------------------------------------------------------------
Start Technology Mapping
---------------------------------------------------------------------------------
---------------------------------------------------------------------------------
Finished Technology Mapping : Time (s): cpu = 00:00:41 ; elapsed = 00:00:42 . Memory (MB): peak = 764.875 ; gain = 514.973
---------------------------------------------------------------------------------

Report RTL Partitions: 
+-+--------------+------------+----------+
| |RTL Partition |Replication |Instances |
+-+--------------+------------+----------+
+-+--------------+------------+----------+
---------------------------------------------------------------------------------
Start IO Insertion
---------------------------------------------------------------------------------
---------------------------------------------------------------------------------
Start Flattening Before IO Insertion
---------------------------------------------------------------------------------
---------------------------------------------------------------------------------
Finished Flattening Before IO Insertion
---------------------------------------------------------------------------------
---------------------------------------------------------------------------------
Start Final Netlist Cleanup
---------------------------------------------------------------------------------
---------------------------------------------------------------------------------
Finished Final Netlist Cleanup
---------------------------------------------------------------------------------
---------------------------------------------------------------------------------
Finished IO Insertion : Time (s): cpu = 00:00:43 ; elapsed = 00:00:44 . Memory (MB): peak = 764.875 ; gain = 514.973
---------------------------------------------------------------------------------

Report Check Netlist: 
+------+------------------+-------+---------+-------+------------------+
|      |Item              |Errors |Warnings |Status |Description       |
+------+------------------+-------+---------+-------+------------------+
|1     |multi_driven_nets |      0|        0|Passed |Multi driven nets |
+------+------------------+-------+---------+-------+------------------+
---------------------------------------------------------------------------------
Start Renaming Generated Instances
---------------------------------------------------------------------------------
---------------------------------------------------------------------------------
Finished Renaming Generated Instances : Time (s): cpu = 00:00:43 ; elapsed = 00:00:44 . Memory (MB): peak = 764.875 ; gain = 514.973
---------------------------------------------------------------------------------

Report RTL Partitions: 
+-+--------------+------------+----------+
| |RTL Partition |Replication |Instances |
+-+--------------+------------+----------+
+-+--------------+------------+----------+
---------------------------------------------------------------------------------
Start Rebuilding User Hierarchy
---------------------------------------------------------------------------------
---------------------------------------------------------------------------------
Finished Rebuilding User Hierarchy : Time (s): cpu = 00:00:43 ; elapsed = 00:00:44 . Memory (MB): peak = 764.875 ; gain = 514.973
---------------------------------------------------------------------------------
---------------------------------------------------------------------------------
Start Renaming Generated Ports
---------------------------------------------------------------------------------
---------------------------------------------------------------------------------
Finished Renaming Generated Ports : Time (s): cpu = 00:00:43 ; elapsed = 00:00:44 . Memory (MB): peak = 764.875 ; gain = 514.973
---------------------------------------------------------------------------------
---------------------------------------------------------------------------------
Start Handling Custom Attributes
---------------------------------------------------------------------------------
---------------------------------------------------------------------------------
Finished Handling Custom Attributes : Time (s): cpu = 00:00:43 ; elapsed = 00:00:44 . Memory (MB): peak = 764.875 ; gain = 514.973
---------------------------------------------------------------------------------
---------------------------------------------------------------------------------
Start Renaming Generated Nets
---------------------------------------------------------------------------------
---------------------------------------------------------------------------------
Finished Renaming Generated Nets : Time (s): cpu = 00:00:43 ; elapsed = 00:00:44 . Memory (MB): peak = 764.875 ; gain = 514.973
---------------------------------------------------------------------------------
---------------------------------------------------------------------------------
Start Writing Synthesis Report
---------------------------------------------------------------------------------

Report BlackBoxes: 
+-+--------------+----------+
| |BlackBox name |Instances |
+-+--------------+----------+
+-+--------------+----------+

Report Cell Usage: 
+------+-------+------+
|      |Cell   |Count |
+------+-------+------+
|1     |CARRY4 |   580|
|2     |LUT1   |   145|
|3     |LUT2   |   401|
|4     |LUT3   |  1570|
|5     |LUT4   |   116|
|6     |LUT5   |     8|
|7     |LUT6   |   142|
|8     |FDRE   |   405|
|9     |FDSE   |    41|
+------+-------+------+

Report Instance Areas: 
+------+--------------------------------+-----------------------+------+
|      |Instance                        |Module                 |Cells |
+------+--------------------------------+-----------------------+------+
|1     |top                             |                       |  3408|
|2     |  inst                          |Zybo_PWMext_v1_0       |  3408|
|3     |    Zybo_PWMext_v1_0_S_AXI_inst |Zybo_PWMext_v1_0_S_AXI |   524|
|4     |    clock_div0                  |Clock_Divider          |   687|
|5     |    clock_div1                  |Clock_Divider_0        |   687|
|6     |    clock_div2                  |Clock_Divider_1        |   687|
|7     |    clock_div3                  |Clock_Divider_2        |   687|
|8     |    comparator0                 |PWM_Comparator         |    13|
|9     |    comparator1                 |PWM_Comparator_3       |    13|
|10    |    comparator2                 |PWM_Comparator_4       |    13|
|11    |    comparator3                 |PWM_Comparator_5       |    13|
|12    |    counter0                    |PWM_Counter            |    21|
|13    |    counter1                    |PWM_Counter_6          |    21|
|14    |    counter2                    |PWM_Counter_7          |    21|
|15    |    counter3                    |PWM_Counter_8          |    21|
+------+--------------------------------+-----------------------+------+
---------------------------------------------------------------------------------
Finished Writing Synthesis Report : Time (s): cpu = 00:00:43 ; elapsed = 00:00:44 . Memory (MB): peak = 764.875 ; gain = 514.973
---------------------------------------------------------------------------------
Synthesis finished with 0 errors, 0 critical warnings and 17 warnings.
Synthesis Optimization Runtime : Time (s): cpu = 00:00:26 ; elapsed = 00:00:36 . Memory (MB): peak = 764.875 ; gain = 192.574
Synthesis Optimization Complete : Time (s): cpu = 00:00:43 ; elapsed = 00:00:44 . Memory (MB): peak = 764.875 ; gain = 514.973
INFO: [Project 1-571] Translating synthesized netlist
INFO: [Netlist 29-17] Analyzing 580 Unisim elements for replacement
INFO: [Netlist 29-28] Unisim Transformation completed in 0 CPU seconds
INFO: [Project 1-570] Preparing netlist for logic optimization
INFO: [Opt 31-138] Pushed 0 inverter(s) to 0 load pin(s).
INFO: [Project 1-111] Unisim Transformation Summary:
No Unisim elements were transformed.

INFO: [Common 17-83] Releasing license: Synthesis
27 Infos, 23 Warnings, 0 Critical Warnings and 0 Errors encountered.
synth_design completed successfully
synth_design: Time (s): cpu = 00:00:46 ; elapsed = 00:00:47 . Memory (MB): peak = 764.875 ; gain = 521.184
INFO: [Common 17-1381] The checkpoint 'C:/Users/jlrei/Documents/SourceTree/EE324_Lab4ext/EE324_Lab4ext.runs/System_Zybo_PWMext_0_0_synth_1/System_Zybo_PWMext_0_0.dcp' has been generated.
