Copyright 1986-2017 Xilinx, Inc. All Rights Reserved.
--------------------------------------------------------------------------------------
| Tool Version : Vivado v.2017.3.1 (win64) Build 2035080 Fri Oct 20 14:20:01 MDT 2017
| Date         : Thu Nov  2 16:55:45 2017
| Host         : Jensen-Surface running 64-bit major release  (build 9200)
| Command      : upgrade_ip
| Device       : xc7z010clg400-1
--------------------------------------------------------------------------------------

Upgrade Log for IP 'System_Zybo_PWMext_0_0'

1. Summary
----------

SUCCESS in the upgrade of System_Zybo_PWMext_0_0 (xilinx.com:user:Zybo_PWMext:1.0) from (Rev. 5) to (Rev. 6)






Copyright 1986-2017 Xilinx, Inc. All Rights Reserved.
--------------------------------------------------------------------------------------
| Tool Version : Vivado v.2017.3.1 (win64) Build 2035080 Fri Oct 20 14:20:01 MDT 2017
| Date         : Thu Nov  2 16:39:00 2017
| Host         : Jensen-Surface running 64-bit major release  (build 9200)
| Command      : upgrade_ip
| Device       : xc7z010clg400-1
--------------------------------------------------------------------------------------

Upgrade Log for IP 'System_Zybo_PWMext_0_0'

1. Summary
----------

SUCCESS in the upgrade of System_Zybo_PWMext_0_0 (xilinx.com:user:Zybo_PWMext:1.0) from (Rev. 4) to (Rev. 5)






Copyright 1986-2017 Xilinx, Inc. All Rights Reserved.
--------------------------------------------------------------------------------------
| Tool Version : Vivado v.2017.3.1 (win64) Build 2035080 Fri Oct 20 14:20:01 MDT 2017
| Date         : Thu Nov  2 16:01:46 2017
| Host         : Jensen-Surface running 64-bit major release  (build 9200)
| Command      : upgrade_ip
| Device       : xc7z010clg400-1
--------------------------------------------------------------------------------------

Upgrade Log for IP 'System_Zybo_PWMext_0_0'

1. Summary
----------

SUCCESS in the upgrade of System_Zybo_PWMext_0_0 (xilinx.com:user:Zybo_PWMext:1.0) from (Rev. 3) to (Rev. 4)






Copyright 1986-2017 Xilinx, Inc. All Rights Reserved.
--------------------------------------------------------------------------------------
| Tool Version : Vivado v.2017.3.1 (win64) Build 2035080 Fri Oct 20 14:20:01 MDT 2017
| Date         : Thu Nov  2 14:51:22 2017
| Host         : Jensen-Surface running 64-bit major release  (build 9200)
| Command      : upgrade_ip
| Device       : xc7z010clg400-1
--------------------------------------------------------------------------------------

Upgrade Log for IP 'System_Zybo_PWMext_0_0'

1. Summary
----------

SUCCESS in the upgrade of System_Zybo_PWMext_0_0 (xilinx.com:user:Zybo_PWMext:1.0) from (Rev. 2) to (Rev. 3)






Copyright 1986-2017 Xilinx, Inc. All Rights Reserved.
--------------------------------------------------------------------------------------
| Tool Version : Vivado v.2017.3.1 (win64) Build 2035080 Fri Oct 20 14:20:01 MDT 2017
| Date         : Thu Nov  2 11:01:34 2017
| Host         : Jensen-Surface running 64-bit major release  (build 9200)
| Command      : upgrade_ip
| Device       : xc7z010clg400-1
--------------------------------------------------------------------------------------

Upgrade Log for IP 'System_Zybo_PWMext_0_0'

1. Summary
----------

CAUTION (success, with warnings) in the upgrade of System_Zybo_PWMext_0_0 (xilinx.com:user:Zybo_PWMext:1.0) from (Rev. 1) to (Rev. 2)

After upgrade, an IP may have parameter and port differences compared to the original customization. Please review the parameters within the IP customization GUI to ensure proper functionality. Also, please review the updated IP instantiation template to ensure proper connectivity, and update your design if required.

2. Connection Warnings
----------------------

Detected external port differences while upgrading 'System_Zybo_PWMext_0_0'. These changes may impact your design.


-Upgrade has added port 'LED'


