Copyright 1986-2017 Xilinx, Inc. All Rights Reserved.
--------------------------------------------------------------------------------------------------------------------------------------------------------------------------------
| Tool Version : Vivado v.2017.3.1 (win64) Build 2035080 Fri Oct 20 14:20:01 MDT 2017
| Date         : Thu Nov  2 17:00:23 2017
| Host         : Jensen-Surface running 64-bit major release  (build 9200)
| Command      : report_methodology -file System_wrapper_methodology_drc_routed.rpt -pb System_wrapper_methodology_drc_routed.pb -rpx System_wrapper_methodology_drc_routed.rpx
| Design       : System_wrapper
| Device       : xc7z010clg400-1
| Speed File   : -1
| Design State : Routed
--------------------------------------------------------------------------------------------------------------------------------------------------------------------------------

Report Methodology

Table of Contents
-----------------
1. REPORT SUMMARY
2. REPORT DETAILS

1. REPORT SUMMARY
-----------------
            Netlist: netlist
          Floorplan: design_1
      Design limits: <entire design considered>
             Max violations: <unlimited>
             Violations found: 176
+-----------+----------+-----------------------------+------------+
| Rule      | Severity | Description                 | Violations |
+-----------+----------+-----------------------------+------------+
| TIMING-16 | Warning  | Large setup violation       | 132        |
| TIMING-17 | Warning  | Non-clocked sequential cell | 44         |
+-----------+----------+-----------------------------+------------+

2. REPORT DETAILS
-----------------
TIMING-16#1 Warning
Large setup violation  
There is a large setup violation of -50.833 ns between System_i/Zybo_PWMext_0/inst/Zybo_PWMext_v1_0_S_AXI_inst/slv_reg7_reg[0]/C (clocked by clk_fpga_0) and System_i/Zybo_PWMext_0/inst/clock_div2/clk_div_reg/D (clocked by clk_fpga_0). Large setup violations at the end of those stages might be difficult to fix during the post-placement implementation flow and could be the result of non-optimal XDC constraints or non-optimal design architecture
Related violations: <none>

TIMING-16#2 Warning
Large setup violation  
There is a large setup violation of -50.920 ns between System_i/Zybo_PWMext_0/inst/Zybo_PWMext_v1_0_S_AXI_inst/slv_reg7_reg[0]/C (clocked by clk_fpga_0) and System_i/Zybo_PWMext_0/inst/clock_div2/counter_reg[16]/R (clocked by clk_fpga_0). Large setup violations at the end of those stages might be difficult to fix during the post-placement implementation flow and could be the result of non-optimal XDC constraints or non-optimal design architecture
Related violations: <none>

TIMING-16#3 Warning
Large setup violation  
There is a large setup violation of -50.920 ns between System_i/Zybo_PWMext_0/inst/Zybo_PWMext_v1_0_S_AXI_inst/slv_reg7_reg[0]/C (clocked by clk_fpga_0) and System_i/Zybo_PWMext_0/inst/clock_div2/counter_reg[17]/R (clocked by clk_fpga_0). Large setup violations at the end of those stages might be difficult to fix during the post-placement implementation flow and could be the result of non-optimal XDC constraints or non-optimal design architecture
Related violations: <none>

TIMING-16#4 Warning
Large setup violation  
There is a large setup violation of -50.920 ns between System_i/Zybo_PWMext_0/inst/Zybo_PWMext_v1_0_S_AXI_inst/slv_reg7_reg[0]/C (clocked by clk_fpga_0) and System_i/Zybo_PWMext_0/inst/clock_div2/counter_reg[18]/R (clocked by clk_fpga_0). Large setup violations at the end of those stages might be difficult to fix during the post-placement implementation flow and could be the result of non-optimal XDC constraints or non-optimal design architecture
Related violations: <none>

TIMING-16#5 Warning
Large setup violation  
There is a large setup violation of -50.920 ns between System_i/Zybo_PWMext_0/inst/Zybo_PWMext_v1_0_S_AXI_inst/slv_reg7_reg[0]/C (clocked by clk_fpga_0) and System_i/Zybo_PWMext_0/inst/clock_div2/counter_reg[19]/R (clocked by clk_fpga_0). Large setup violations at the end of those stages might be difficult to fix during the post-placement implementation flow and could be the result of non-optimal XDC constraints or non-optimal design architecture
Related violations: <none>

TIMING-16#6 Warning
Large setup violation  
There is a large setup violation of -50.955 ns between System_i/Zybo_PWMext_0/inst/Zybo_PWMext_v1_0_S_AXI_inst/slv_reg8_reg[7]/C (clocked by clk_fpga_0) and System_i/Zybo_PWMext_0/inst/clock_div3/clk_div_reg/D (clocked by clk_fpga_0). Large setup violations at the end of those stages might be difficult to fix during the post-placement implementation flow and could be the result of non-optimal XDC constraints or non-optimal design architecture
Related violations: <none>

TIMING-16#7 Warning
Large setup violation  
There is a large setup violation of -51.058 ns between System_i/Zybo_PWMext_0/inst/Zybo_PWMext_v1_0_S_AXI_inst/slv_reg7_reg[0]/C (clocked by clk_fpga_0) and System_i/Zybo_PWMext_0/inst/clock_div2/counter_reg[24]/R (clocked by clk_fpga_0). Large setup violations at the end of those stages might be difficult to fix during the post-placement implementation flow and could be the result of non-optimal XDC constraints or non-optimal design architecture
Related violations: <none>

TIMING-16#8 Warning
Large setup violation  
There is a large setup violation of -51.058 ns between System_i/Zybo_PWMext_0/inst/Zybo_PWMext_v1_0_S_AXI_inst/slv_reg7_reg[0]/C (clocked by clk_fpga_0) and System_i/Zybo_PWMext_0/inst/clock_div2/counter_reg[25]/R (clocked by clk_fpga_0). Large setup violations at the end of those stages might be difficult to fix during the post-placement implementation flow and could be the result of non-optimal XDC constraints or non-optimal design architecture
Related violations: <none>

TIMING-16#9 Warning
Large setup violation  
There is a large setup violation of -51.058 ns between System_i/Zybo_PWMext_0/inst/Zybo_PWMext_v1_0_S_AXI_inst/slv_reg7_reg[0]/C (clocked by clk_fpga_0) and System_i/Zybo_PWMext_0/inst/clock_div2/counter_reg[26]/R (clocked by clk_fpga_0). Large setup violations at the end of those stages might be difficult to fix during the post-placement implementation flow and could be the result of non-optimal XDC constraints or non-optimal design architecture
Related violations: <none>

TIMING-16#10 Warning
Large setup violation  
There is a large setup violation of -51.058 ns between System_i/Zybo_PWMext_0/inst/Zybo_PWMext_v1_0_S_AXI_inst/slv_reg7_reg[0]/C (clocked by clk_fpga_0) and System_i/Zybo_PWMext_0/inst/clock_div2/counter_reg[27]/R (clocked by clk_fpga_0). Large setup violations at the end of those stages might be difficult to fix during the post-placement implementation flow and could be the result of non-optimal XDC constraints or non-optimal design architecture
Related violations: <none>

TIMING-16#11 Warning
Large setup violation  
There is a large setup violation of -51.071 ns between System_i/Zybo_PWMext_0/inst/Zybo_PWMext_v1_0_S_AXI_inst/slv_reg7_reg[0]/C (clocked by clk_fpga_0) and System_i/Zybo_PWMext_0/inst/clock_div2/counter_reg[12]/R (clocked by clk_fpga_0). Large setup violations at the end of those stages might be difficult to fix during the post-placement implementation flow and could be the result of non-optimal XDC constraints or non-optimal design architecture
Related violations: <none>

TIMING-16#12 Warning
Large setup violation  
There is a large setup violation of -51.071 ns between System_i/Zybo_PWMext_0/inst/Zybo_PWMext_v1_0_S_AXI_inst/slv_reg7_reg[0]/C (clocked by clk_fpga_0) and System_i/Zybo_PWMext_0/inst/clock_div2/counter_reg[13]/R (clocked by clk_fpga_0). Large setup violations at the end of those stages might be difficult to fix during the post-placement implementation flow and could be the result of non-optimal XDC constraints or non-optimal design architecture
Related violations: <none>

TIMING-16#13 Warning
Large setup violation  
There is a large setup violation of -51.071 ns between System_i/Zybo_PWMext_0/inst/Zybo_PWMext_v1_0_S_AXI_inst/slv_reg7_reg[0]/C (clocked by clk_fpga_0) and System_i/Zybo_PWMext_0/inst/clock_div2/counter_reg[14]/R (clocked by clk_fpga_0). Large setup violations at the end of those stages might be difficult to fix during the post-placement implementation flow and could be the result of non-optimal XDC constraints or non-optimal design architecture
Related violations: <none>

TIMING-16#14 Warning
Large setup violation  
There is a large setup violation of -51.071 ns between System_i/Zybo_PWMext_0/inst/Zybo_PWMext_v1_0_S_AXI_inst/slv_reg7_reg[0]/C (clocked by clk_fpga_0) and System_i/Zybo_PWMext_0/inst/clock_div2/counter_reg[15]/R (clocked by clk_fpga_0). Large setup violations at the end of those stages might be difficult to fix during the post-placement implementation flow and could be the result of non-optimal XDC constraints or non-optimal design architecture
Related violations: <none>

TIMING-16#15 Warning
Large setup violation  
There is a large setup violation of -51.083 ns between System_i/Zybo_PWMext_0/inst/Zybo_PWMext_v1_0_S_AXI_inst/slv_reg7_reg[0]/C (clocked by clk_fpga_0) and System_i/Zybo_PWMext_0/inst/clock_div2/counter_reg[10]/R (clocked by clk_fpga_0). Large setup violations at the end of those stages might be difficult to fix during the post-placement implementation flow and could be the result of non-optimal XDC constraints or non-optimal design architecture
Related violations: <none>

TIMING-16#16 Warning
Large setup violation  
There is a large setup violation of -51.083 ns between System_i/Zybo_PWMext_0/inst/Zybo_PWMext_v1_0_S_AXI_inst/slv_reg7_reg[0]/C (clocked by clk_fpga_0) and System_i/Zybo_PWMext_0/inst/clock_div2/counter_reg[11]/R (clocked by clk_fpga_0). Large setup violations at the end of those stages might be difficult to fix during the post-placement implementation flow and could be the result of non-optimal XDC constraints or non-optimal design architecture
Related violations: <none>

TIMING-16#17 Warning
Large setup violation  
There is a large setup violation of -51.083 ns between System_i/Zybo_PWMext_0/inst/Zybo_PWMext_v1_0_S_AXI_inst/slv_reg7_reg[0]/C (clocked by clk_fpga_0) and System_i/Zybo_PWMext_0/inst/clock_div2/counter_reg[8]/R (clocked by clk_fpga_0). Large setup violations at the end of those stages might be difficult to fix during the post-placement implementation flow and could be the result of non-optimal XDC constraints or non-optimal design architecture
Related violations: <none>

TIMING-16#18 Warning
Large setup violation  
There is a large setup violation of -51.083 ns between System_i/Zybo_PWMext_0/inst/Zybo_PWMext_v1_0_S_AXI_inst/slv_reg7_reg[0]/C (clocked by clk_fpga_0) and System_i/Zybo_PWMext_0/inst/clock_div2/counter_reg[9]/R (clocked by clk_fpga_0). Large setup violations at the end of those stages might be difficult to fix during the post-placement implementation flow and could be the result of non-optimal XDC constraints or non-optimal design architecture
Related violations: <none>

TIMING-16#19 Warning
Large setup violation  
There is a large setup violation of -51.119 ns between System_i/Zybo_PWMext_0/inst/Zybo_PWMext_v1_0_S_AXI_inst/slv_reg8_reg[7]/C (clocked by clk_fpga_0) and System_i/Zybo_PWMext_0/inst/clock_div3/counter_reg[16]/R (clocked by clk_fpga_0). Large setup violations at the end of those stages might be difficult to fix during the post-placement implementation flow and could be the result of non-optimal XDC constraints or non-optimal design architecture
Related violations: <none>

TIMING-16#20 Warning
Large setup violation  
There is a large setup violation of -51.119 ns between System_i/Zybo_PWMext_0/inst/Zybo_PWMext_v1_0_S_AXI_inst/slv_reg8_reg[7]/C (clocked by clk_fpga_0) and System_i/Zybo_PWMext_0/inst/clock_div3/counter_reg[17]/R (clocked by clk_fpga_0). Large setup violations at the end of those stages might be difficult to fix during the post-placement implementation flow and could be the result of non-optimal XDC constraints or non-optimal design architecture
Related violations: <none>

TIMING-16#21 Warning
Large setup violation  
There is a large setup violation of -51.119 ns between System_i/Zybo_PWMext_0/inst/Zybo_PWMext_v1_0_S_AXI_inst/slv_reg8_reg[7]/C (clocked by clk_fpga_0) and System_i/Zybo_PWMext_0/inst/clock_div3/counter_reg[18]/R (clocked by clk_fpga_0). Large setup violations at the end of those stages might be difficult to fix during the post-placement implementation flow and could be the result of non-optimal XDC constraints or non-optimal design architecture
Related violations: <none>

TIMING-16#22 Warning
Large setup violation  
There is a large setup violation of -51.119 ns between System_i/Zybo_PWMext_0/inst/Zybo_PWMext_v1_0_S_AXI_inst/slv_reg8_reg[7]/C (clocked by clk_fpga_0) and System_i/Zybo_PWMext_0/inst/clock_div3/counter_reg[19]/R (clocked by clk_fpga_0). Large setup violations at the end of those stages might be difficult to fix during the post-placement implementation flow and could be the result of non-optimal XDC constraints or non-optimal design architecture
Related violations: <none>

TIMING-16#23 Warning
Large setup violation  
There is a large setup violation of -51.201 ns between System_i/Zybo_PWMext_0/inst/Zybo_PWMext_v1_0_S_AXI_inst/slv_reg7_reg[0]/C (clocked by clk_fpga_0) and System_i/Zybo_PWMext_0/inst/clock_div2/counter_reg[28]/R (clocked by clk_fpga_0). Large setup violations at the end of those stages might be difficult to fix during the post-placement implementation flow and could be the result of non-optimal XDC constraints or non-optimal design architecture
Related violations: <none>

TIMING-16#24 Warning
Large setup violation  
There is a large setup violation of -51.201 ns between System_i/Zybo_PWMext_0/inst/Zybo_PWMext_v1_0_S_AXI_inst/slv_reg7_reg[0]/C (clocked by clk_fpga_0) and System_i/Zybo_PWMext_0/inst/clock_div2/counter_reg[29]/R (clocked by clk_fpga_0). Large setup violations at the end of those stages might be difficult to fix during the post-placement implementation flow and could be the result of non-optimal XDC constraints or non-optimal design architecture
Related violations: <none>

TIMING-16#25 Warning
Large setup violation  
There is a large setup violation of -51.201 ns between System_i/Zybo_PWMext_0/inst/Zybo_PWMext_v1_0_S_AXI_inst/slv_reg7_reg[0]/C (clocked by clk_fpga_0) and System_i/Zybo_PWMext_0/inst/clock_div2/counter_reg[30]/R (clocked by clk_fpga_0). Large setup violations at the end of those stages might be difficult to fix during the post-placement implementation flow and could be the result of non-optimal XDC constraints or non-optimal design architecture
Related violations: <none>

TIMING-16#26 Warning
Large setup violation  
There is a large setup violation of -51.201 ns between System_i/Zybo_PWMext_0/inst/Zybo_PWMext_v1_0_S_AXI_inst/slv_reg7_reg[0]/C (clocked by clk_fpga_0) and System_i/Zybo_PWMext_0/inst/clock_div2/counter_reg[31]/R (clocked by clk_fpga_0). Large setup violations at the end of those stages might be difficult to fix during the post-placement implementation flow and could be the result of non-optimal XDC constraints or non-optimal design architecture
Related violations: <none>

TIMING-16#27 Warning
Large setup violation  
There is a large setup violation of -51.216 ns between System_i/Zybo_PWMext_0/inst/Zybo_PWMext_v1_0_S_AXI_inst/slv_reg7_reg[0]/C (clocked by clk_fpga_0) and System_i/Zybo_PWMext_0/inst/clock_div2/counter_reg[20]/R (clocked by clk_fpga_0). Large setup violations at the end of those stages might be difficult to fix during the post-placement implementation flow and could be the result of non-optimal XDC constraints or non-optimal design architecture
Related violations: <none>

TIMING-16#28 Warning
Large setup violation  
There is a large setup violation of -51.216 ns between System_i/Zybo_PWMext_0/inst/Zybo_PWMext_v1_0_S_AXI_inst/slv_reg7_reg[0]/C (clocked by clk_fpga_0) and System_i/Zybo_PWMext_0/inst/clock_div2/counter_reg[21]/R (clocked by clk_fpga_0). Large setup violations at the end of those stages might be difficult to fix during the post-placement implementation flow and could be the result of non-optimal XDC constraints or non-optimal design architecture
Related violations: <none>

TIMING-16#29 Warning
Large setup violation  
There is a large setup violation of -51.216 ns between System_i/Zybo_PWMext_0/inst/Zybo_PWMext_v1_0_S_AXI_inst/slv_reg7_reg[0]/C (clocked by clk_fpga_0) and System_i/Zybo_PWMext_0/inst/clock_div2/counter_reg[22]/R (clocked by clk_fpga_0). Large setup violations at the end of those stages might be difficult to fix during the post-placement implementation flow and could be the result of non-optimal XDC constraints or non-optimal design architecture
Related violations: <none>

TIMING-16#30 Warning
Large setup violation  
There is a large setup violation of -51.216 ns between System_i/Zybo_PWMext_0/inst/Zybo_PWMext_v1_0_S_AXI_inst/slv_reg7_reg[0]/C (clocked by clk_fpga_0) and System_i/Zybo_PWMext_0/inst/clock_div2/counter_reg[23]/R (clocked by clk_fpga_0). Large setup violations at the end of those stages might be difficult to fix during the post-placement implementation flow and could be the result of non-optimal XDC constraints or non-optimal design architecture
Related violations: <none>

TIMING-16#31 Warning
Large setup violation  
There is a large setup violation of -51.224 ns between System_i/Zybo_PWMext_0/inst/Zybo_PWMext_v1_0_S_AXI_inst/slv_reg7_reg[0]/C (clocked by clk_fpga_0) and System_i/Zybo_PWMext_0/inst/clock_div2/counter_reg[4]/R (clocked by clk_fpga_0). Large setup violations at the end of those stages might be difficult to fix during the post-placement implementation flow and could be the result of non-optimal XDC constraints or non-optimal design architecture
Related violations: <none>

TIMING-16#32 Warning
Large setup violation  
There is a large setup violation of -51.224 ns between System_i/Zybo_PWMext_0/inst/Zybo_PWMext_v1_0_S_AXI_inst/slv_reg7_reg[0]/C (clocked by clk_fpga_0) and System_i/Zybo_PWMext_0/inst/clock_div2/counter_reg[5]/R (clocked by clk_fpga_0). Large setup violations at the end of those stages might be difficult to fix during the post-placement implementation flow and could be the result of non-optimal XDC constraints or non-optimal design architecture
Related violations: <none>

TIMING-16#33 Warning
Large setup violation  
There is a large setup violation of -51.224 ns between System_i/Zybo_PWMext_0/inst/Zybo_PWMext_v1_0_S_AXI_inst/slv_reg7_reg[0]/C (clocked by clk_fpga_0) and System_i/Zybo_PWMext_0/inst/clock_div2/counter_reg[6]/R (clocked by clk_fpga_0). Large setup violations at the end of those stages might be difficult to fix during the post-placement implementation flow and could be the result of non-optimal XDC constraints or non-optimal design architecture
Related violations: <none>

TIMING-16#34 Warning
Large setup violation  
There is a large setup violation of -51.224 ns between System_i/Zybo_PWMext_0/inst/Zybo_PWMext_v1_0_S_AXI_inst/slv_reg7_reg[0]/C (clocked by clk_fpga_0) and System_i/Zybo_PWMext_0/inst/clock_div2/counter_reg[7]/R (clocked by clk_fpga_0). Large setup violations at the end of those stages might be difficult to fix during the post-placement implementation flow and could be the result of non-optimal XDC constraints or non-optimal design architecture
Related violations: <none>

TIMING-16#35 Warning
Large setup violation  
There is a large setup violation of -51.227 ns between System_i/Zybo_PWMext_0/inst/Zybo_PWMext_v1_0_S_AXI_inst/slv_reg7_reg[0]/C (clocked by clk_fpga_0) and System_i/Zybo_PWMext_0/inst/clock_div2/counter_reg[0]/R (clocked by clk_fpga_0). Large setup violations at the end of those stages might be difficult to fix during the post-placement implementation flow and could be the result of non-optimal XDC constraints or non-optimal design architecture
Related violations: <none>

TIMING-16#36 Warning
Large setup violation  
There is a large setup violation of -51.227 ns between System_i/Zybo_PWMext_0/inst/Zybo_PWMext_v1_0_S_AXI_inst/slv_reg7_reg[0]/C (clocked by clk_fpga_0) and System_i/Zybo_PWMext_0/inst/clock_div2/counter_reg[1]/R (clocked by clk_fpga_0). Large setup violations at the end of those stages might be difficult to fix during the post-placement implementation flow and could be the result of non-optimal XDC constraints or non-optimal design architecture
Related violations: <none>

TIMING-16#37 Warning
Large setup violation  
There is a large setup violation of -51.227 ns between System_i/Zybo_PWMext_0/inst/Zybo_PWMext_v1_0_S_AXI_inst/slv_reg7_reg[0]/C (clocked by clk_fpga_0) and System_i/Zybo_PWMext_0/inst/clock_div2/counter_reg[2]/R (clocked by clk_fpga_0). Large setup violations at the end of those stages might be difficult to fix during the post-placement implementation flow and could be the result of non-optimal XDC constraints or non-optimal design architecture
Related violations: <none>

TIMING-16#38 Warning
Large setup violation  
There is a large setup violation of -51.227 ns between System_i/Zybo_PWMext_0/inst/Zybo_PWMext_v1_0_S_AXI_inst/slv_reg7_reg[0]/C (clocked by clk_fpga_0) and System_i/Zybo_PWMext_0/inst/clock_div2/counter_reg[3]/R (clocked by clk_fpga_0). Large setup violations at the end of those stages might be difficult to fix during the post-placement implementation flow and could be the result of non-optimal XDC constraints or non-optimal design architecture
Related violations: <none>

TIMING-16#39 Warning
Large setup violation  
There is a large setup violation of -51.280 ns between System_i/Zybo_PWMext_0/inst/Zybo_PWMext_v1_0_S_AXI_inst/slv_reg8_reg[7]/C (clocked by clk_fpga_0) and System_i/Zybo_PWMext_0/inst/clock_div3/counter_reg[10]/R (clocked by clk_fpga_0). Large setup violations at the end of those stages might be difficult to fix during the post-placement implementation flow and could be the result of non-optimal XDC constraints or non-optimal design architecture
Related violations: <none>

TIMING-16#40 Warning
Large setup violation  
There is a large setup violation of -51.280 ns between System_i/Zybo_PWMext_0/inst/Zybo_PWMext_v1_0_S_AXI_inst/slv_reg8_reg[7]/C (clocked by clk_fpga_0) and System_i/Zybo_PWMext_0/inst/clock_div3/counter_reg[11]/R (clocked by clk_fpga_0). Large setup violations at the end of those stages might be difficult to fix during the post-placement implementation flow and could be the result of non-optimal XDC constraints or non-optimal design architecture
Related violations: <none>

TIMING-16#41 Warning
Large setup violation  
There is a large setup violation of -51.280 ns between System_i/Zybo_PWMext_0/inst/Zybo_PWMext_v1_0_S_AXI_inst/slv_reg8_reg[7]/C (clocked by clk_fpga_0) and System_i/Zybo_PWMext_0/inst/clock_div3/counter_reg[8]/R (clocked by clk_fpga_0). Large setup violations at the end of those stages might be difficult to fix during the post-placement implementation flow and could be the result of non-optimal XDC constraints or non-optimal design architecture
Related violations: <none>

TIMING-16#42 Warning
Large setup violation  
There is a large setup violation of -51.280 ns between System_i/Zybo_PWMext_0/inst/Zybo_PWMext_v1_0_S_AXI_inst/slv_reg8_reg[7]/C (clocked by clk_fpga_0) and System_i/Zybo_PWMext_0/inst/clock_div3/counter_reg[9]/R (clocked by clk_fpga_0). Large setup violations at the end of those stages might be difficult to fix during the post-placement implementation flow and could be the result of non-optimal XDC constraints or non-optimal design architecture
Related violations: <none>

TIMING-16#43 Warning
Large setup violation  
There is a large setup violation of -51.290 ns between System_i/Zybo_PWMext_0/inst/Zybo_PWMext_v1_0_S_AXI_inst/slv_reg8_reg[7]/C (clocked by clk_fpga_0) and System_i/Zybo_PWMext_0/inst/clock_div3/counter_reg[24]/R (clocked by clk_fpga_0). Large setup violations at the end of those stages might be difficult to fix during the post-placement implementation flow and could be the result of non-optimal XDC constraints or non-optimal design architecture
Related violations: <none>

TIMING-16#44 Warning
Large setup violation  
There is a large setup violation of -51.290 ns between System_i/Zybo_PWMext_0/inst/Zybo_PWMext_v1_0_S_AXI_inst/slv_reg8_reg[7]/C (clocked by clk_fpga_0) and System_i/Zybo_PWMext_0/inst/clock_div3/counter_reg[25]/R (clocked by clk_fpga_0). Large setup violations at the end of those stages might be difficult to fix during the post-placement implementation flow and could be the result of non-optimal XDC constraints or non-optimal design architecture
Related violations: <none>

TIMING-16#45 Warning
Large setup violation  
There is a large setup violation of -51.290 ns between System_i/Zybo_PWMext_0/inst/Zybo_PWMext_v1_0_S_AXI_inst/slv_reg8_reg[7]/C (clocked by clk_fpga_0) and System_i/Zybo_PWMext_0/inst/clock_div3/counter_reg[26]/R (clocked by clk_fpga_0). Large setup violations at the end of those stages might be difficult to fix during the post-placement implementation flow and could be the result of non-optimal XDC constraints or non-optimal design architecture
Related violations: <none>

TIMING-16#46 Warning
Large setup violation  
There is a large setup violation of -51.290 ns between System_i/Zybo_PWMext_0/inst/Zybo_PWMext_v1_0_S_AXI_inst/slv_reg8_reg[7]/C (clocked by clk_fpga_0) and System_i/Zybo_PWMext_0/inst/clock_div3/counter_reg[27]/R (clocked by clk_fpga_0). Large setup violations at the end of those stages might be difficult to fix during the post-placement implementation flow and could be the result of non-optimal XDC constraints or non-optimal design architecture
Related violations: <none>

TIMING-16#47 Warning
Large setup violation  
There is a large setup violation of -51.292 ns between System_i/Zybo_PWMext_0/inst/Zybo_PWMext_v1_0_S_AXI_inst/slv_reg8_reg[7]/C (clocked by clk_fpga_0) and System_i/Zybo_PWMext_0/inst/clock_div3/counter_reg[28]/R (clocked by clk_fpga_0). Large setup violations at the end of those stages might be difficult to fix during the post-placement implementation flow and could be the result of non-optimal XDC constraints or non-optimal design architecture
Related violations: <none>

TIMING-16#48 Warning
Large setup violation  
There is a large setup violation of -51.292 ns between System_i/Zybo_PWMext_0/inst/Zybo_PWMext_v1_0_S_AXI_inst/slv_reg8_reg[7]/C (clocked by clk_fpga_0) and System_i/Zybo_PWMext_0/inst/clock_div3/counter_reg[29]/R (clocked by clk_fpga_0). Large setup violations at the end of those stages might be difficult to fix during the post-placement implementation flow and could be the result of non-optimal XDC constraints or non-optimal design architecture
Related violations: <none>

TIMING-16#49 Warning
Large setup violation  
There is a large setup violation of -51.292 ns between System_i/Zybo_PWMext_0/inst/Zybo_PWMext_v1_0_S_AXI_inst/slv_reg8_reg[7]/C (clocked by clk_fpga_0) and System_i/Zybo_PWMext_0/inst/clock_div3/counter_reg[30]/R (clocked by clk_fpga_0). Large setup violations at the end of those stages might be difficult to fix during the post-placement implementation flow and could be the result of non-optimal XDC constraints or non-optimal design architecture
Related violations: <none>

TIMING-16#50 Warning
Large setup violation  
There is a large setup violation of -51.292 ns between System_i/Zybo_PWMext_0/inst/Zybo_PWMext_v1_0_S_AXI_inst/slv_reg8_reg[7]/C (clocked by clk_fpga_0) and System_i/Zybo_PWMext_0/inst/clock_div3/counter_reg[31]/R (clocked by clk_fpga_0). Large setup violations at the end of those stages might be difficult to fix during the post-placement implementation flow and could be the result of non-optimal XDC constraints or non-optimal design architecture
Related violations: <none>

TIMING-16#51 Warning
Large setup violation  
There is a large setup violation of -51.321 ns between System_i/Zybo_PWMext_0/inst/Zybo_PWMext_v1_0_S_AXI_inst/slv_reg8_reg[7]/C (clocked by clk_fpga_0) and System_i/Zybo_PWMext_0/inst/clock_div3/counter_reg[12]/R (clocked by clk_fpga_0). Large setup violations at the end of those stages might be difficult to fix during the post-placement implementation flow and could be the result of non-optimal XDC constraints or non-optimal design architecture
Related violations: <none>

TIMING-16#52 Warning
Large setup violation  
There is a large setup violation of -51.321 ns between System_i/Zybo_PWMext_0/inst/Zybo_PWMext_v1_0_S_AXI_inst/slv_reg8_reg[7]/C (clocked by clk_fpga_0) and System_i/Zybo_PWMext_0/inst/clock_div3/counter_reg[13]/R (clocked by clk_fpga_0). Large setup violations at the end of those stages might be difficult to fix during the post-placement implementation flow and could be the result of non-optimal XDC constraints or non-optimal design architecture
Related violations: <none>

TIMING-16#53 Warning
Large setup violation  
There is a large setup violation of -51.321 ns between System_i/Zybo_PWMext_0/inst/Zybo_PWMext_v1_0_S_AXI_inst/slv_reg8_reg[7]/C (clocked by clk_fpga_0) and System_i/Zybo_PWMext_0/inst/clock_div3/counter_reg[14]/R (clocked by clk_fpga_0). Large setup violations at the end of those stages might be difficult to fix during the post-placement implementation flow and could be the result of non-optimal XDC constraints or non-optimal design architecture
Related violations: <none>

TIMING-16#54 Warning
Large setup violation  
There is a large setup violation of -51.321 ns between System_i/Zybo_PWMext_0/inst/Zybo_PWMext_v1_0_S_AXI_inst/slv_reg8_reg[7]/C (clocked by clk_fpga_0) and System_i/Zybo_PWMext_0/inst/clock_div3/counter_reg[15]/R (clocked by clk_fpga_0). Large setup violations at the end of those stages might be difficult to fix during the post-placement implementation flow and could be the result of non-optimal XDC constraints or non-optimal design architecture
Related violations: <none>

TIMING-16#55 Warning
Large setup violation  
There is a large setup violation of -51.375 ns between System_i/Zybo_PWMext_0/inst/Zybo_PWMext_v1_0_S_AXI_inst/slv_reg8_reg[7]/C (clocked by clk_fpga_0) and System_i/Zybo_PWMext_0/inst/clock_div3/counter_reg[20]/R (clocked by clk_fpga_0). Large setup violations at the end of those stages might be difficult to fix during the post-placement implementation flow and could be the result of non-optimal XDC constraints or non-optimal design architecture
Related violations: <none>

TIMING-16#56 Warning
Large setup violation  
There is a large setup violation of -51.375 ns between System_i/Zybo_PWMext_0/inst/Zybo_PWMext_v1_0_S_AXI_inst/slv_reg8_reg[7]/C (clocked by clk_fpga_0) and System_i/Zybo_PWMext_0/inst/clock_div3/counter_reg[21]/R (clocked by clk_fpga_0). Large setup violations at the end of those stages might be difficult to fix during the post-placement implementation flow and could be the result of non-optimal XDC constraints or non-optimal design architecture
Related violations: <none>

TIMING-16#57 Warning
Large setup violation  
There is a large setup violation of -51.375 ns between System_i/Zybo_PWMext_0/inst/Zybo_PWMext_v1_0_S_AXI_inst/slv_reg8_reg[7]/C (clocked by clk_fpga_0) and System_i/Zybo_PWMext_0/inst/clock_div3/counter_reg[22]/R (clocked by clk_fpga_0). Large setup violations at the end of those stages might be difficult to fix during the post-placement implementation flow and could be the result of non-optimal XDC constraints or non-optimal design architecture
Related violations: <none>

TIMING-16#58 Warning
Large setup violation  
There is a large setup violation of -51.375 ns between System_i/Zybo_PWMext_0/inst/Zybo_PWMext_v1_0_S_AXI_inst/slv_reg8_reg[7]/C (clocked by clk_fpga_0) and System_i/Zybo_PWMext_0/inst/clock_div3/counter_reg[23]/R (clocked by clk_fpga_0). Large setup violations at the end of those stages might be difficult to fix during the post-placement implementation flow and could be the result of non-optimal XDC constraints or non-optimal design architecture
Related violations: <none>

TIMING-16#59 Warning
Large setup violation  
There is a large setup violation of -51.421 ns between System_i/Zybo_PWMext_0/inst/Zybo_PWMext_v1_0_S_AXI_inst/slv_reg8_reg[7]/C (clocked by clk_fpga_0) and System_i/Zybo_PWMext_0/inst/clock_div3/counter_reg[4]/R (clocked by clk_fpga_0). Large setup violations at the end of those stages might be difficult to fix during the post-placement implementation flow and could be the result of non-optimal XDC constraints or non-optimal design architecture
Related violations: <none>

TIMING-16#60 Warning
Large setup violation  
There is a large setup violation of -51.421 ns between System_i/Zybo_PWMext_0/inst/Zybo_PWMext_v1_0_S_AXI_inst/slv_reg8_reg[7]/C (clocked by clk_fpga_0) and System_i/Zybo_PWMext_0/inst/clock_div3/counter_reg[5]/R (clocked by clk_fpga_0). Large setup violations at the end of those stages might be difficult to fix during the post-placement implementation flow and could be the result of non-optimal XDC constraints or non-optimal design architecture
Related violations: <none>

TIMING-16#61 Warning
Large setup violation  
There is a large setup violation of -51.421 ns between System_i/Zybo_PWMext_0/inst/Zybo_PWMext_v1_0_S_AXI_inst/slv_reg8_reg[7]/C (clocked by clk_fpga_0) and System_i/Zybo_PWMext_0/inst/clock_div3/counter_reg[6]/R (clocked by clk_fpga_0). Large setup violations at the end of those stages might be difficult to fix during the post-placement implementation flow and could be the result of non-optimal XDC constraints or non-optimal design architecture
Related violations: <none>

TIMING-16#62 Warning
Large setup violation  
There is a large setup violation of -51.421 ns between System_i/Zybo_PWMext_0/inst/Zybo_PWMext_v1_0_S_AXI_inst/slv_reg8_reg[7]/C (clocked by clk_fpga_0) and System_i/Zybo_PWMext_0/inst/clock_div3/counter_reg[7]/R (clocked by clk_fpga_0). Large setup violations at the end of those stages might be difficult to fix during the post-placement implementation flow and could be the result of non-optimal XDC constraints or non-optimal design architecture
Related violations: <none>

TIMING-16#63 Warning
Large setup violation  
There is a large setup violation of -51.423 ns between System_i/Zybo_PWMext_0/inst/Zybo_PWMext_v1_0_S_AXI_inst/slv_reg8_reg[7]/C (clocked by clk_fpga_0) and System_i/Zybo_PWMext_0/inst/clock_div3/counter_reg[0]/R (clocked by clk_fpga_0). Large setup violations at the end of those stages might be difficult to fix during the post-placement implementation flow and could be the result of non-optimal XDC constraints or non-optimal design architecture
Related violations: <none>

TIMING-16#64 Warning
Large setup violation  
There is a large setup violation of -51.423 ns between System_i/Zybo_PWMext_0/inst/Zybo_PWMext_v1_0_S_AXI_inst/slv_reg8_reg[7]/C (clocked by clk_fpga_0) and System_i/Zybo_PWMext_0/inst/clock_div3/counter_reg[1]/R (clocked by clk_fpga_0). Large setup violations at the end of those stages might be difficult to fix during the post-placement implementation flow and could be the result of non-optimal XDC constraints or non-optimal design architecture
Related violations: <none>

TIMING-16#65 Warning
Large setup violation  
There is a large setup violation of -51.423 ns between System_i/Zybo_PWMext_0/inst/Zybo_PWMext_v1_0_S_AXI_inst/slv_reg8_reg[7]/C (clocked by clk_fpga_0) and System_i/Zybo_PWMext_0/inst/clock_div3/counter_reg[2]/R (clocked by clk_fpga_0). Large setup violations at the end of those stages might be difficult to fix during the post-placement implementation flow and could be the result of non-optimal XDC constraints or non-optimal design architecture
Related violations: <none>

TIMING-16#66 Warning
Large setup violation  
There is a large setup violation of -51.423 ns between System_i/Zybo_PWMext_0/inst/Zybo_PWMext_v1_0_S_AXI_inst/slv_reg8_reg[7]/C (clocked by clk_fpga_0) and System_i/Zybo_PWMext_0/inst/clock_div3/counter_reg[3]/R (clocked by clk_fpga_0). Large setup violations at the end of those stages might be difficult to fix during the post-placement implementation flow and could be the result of non-optimal XDC constraints or non-optimal design architecture
Related violations: <none>

TIMING-16#67 Warning
Large setup violation  
There is a large setup violation of -51.677 ns between System_i/Zybo_PWMext_0/inst/Zybo_PWMext_v1_0_S_AXI_inst/slv_reg5_reg[0]/C (clocked by clk_fpga_0) and System_i/Zybo_PWMext_0/inst/clock_div0/clk_div_reg/D (clocked by clk_fpga_0). Large setup violations at the end of those stages might be difficult to fix during the post-placement implementation flow and could be the result of non-optimal XDC constraints or non-optimal design architecture
Related violations: <none>

TIMING-16#68 Warning
Large setup violation  
There is a large setup violation of -51.928 ns between System_i/Zybo_PWMext_0/inst/Zybo_PWMext_v1_0_S_AXI_inst/slv_reg6_reg[0]/C (clocked by clk_fpga_0) and System_i/Zybo_PWMext_0/inst/clock_div1/clk_div_reg/D (clocked by clk_fpga_0). Large setup violations at the end of those stages might be difficult to fix during the post-placement implementation flow and could be the result of non-optimal XDC constraints or non-optimal design architecture
Related violations: <none>

TIMING-16#69 Warning
Large setup violation  
There is a large setup violation of -52.114 ns between System_i/Zybo_PWMext_0/inst/Zybo_PWMext_v1_0_S_AXI_inst/slv_reg5_reg[0]/C (clocked by clk_fpga_0) and System_i/Zybo_PWMext_0/inst/clock_div0/counter_reg[20]/R (clocked by clk_fpga_0). Large setup violations at the end of those stages might be difficult to fix during the post-placement implementation flow and could be the result of non-optimal XDC constraints or non-optimal design architecture
Related violations: <none>

TIMING-16#70 Warning
Large setup violation  
There is a large setup violation of -52.114 ns between System_i/Zybo_PWMext_0/inst/Zybo_PWMext_v1_0_S_AXI_inst/slv_reg5_reg[0]/C (clocked by clk_fpga_0) and System_i/Zybo_PWMext_0/inst/clock_div0/counter_reg[21]/R (clocked by clk_fpga_0). Large setup violations at the end of those stages might be difficult to fix during the post-placement implementation flow and could be the result of non-optimal XDC constraints or non-optimal design architecture
Related violations: <none>

TIMING-16#71 Warning
Large setup violation  
There is a large setup violation of -52.114 ns between System_i/Zybo_PWMext_0/inst/Zybo_PWMext_v1_0_S_AXI_inst/slv_reg5_reg[0]/C (clocked by clk_fpga_0) and System_i/Zybo_PWMext_0/inst/clock_div0/counter_reg[22]/R (clocked by clk_fpga_0). Large setup violations at the end of those stages might be difficult to fix during the post-placement implementation flow and could be the result of non-optimal XDC constraints or non-optimal design architecture
Related violations: <none>

TIMING-16#72 Warning
Large setup violation  
There is a large setup violation of -52.114 ns between System_i/Zybo_PWMext_0/inst/Zybo_PWMext_v1_0_S_AXI_inst/slv_reg5_reg[0]/C (clocked by clk_fpga_0) and System_i/Zybo_PWMext_0/inst/clock_div0/counter_reg[23]/R (clocked by clk_fpga_0). Large setup violations at the end of those stages might be difficult to fix during the post-placement implementation flow and could be the result of non-optimal XDC constraints or non-optimal design architecture
Related violations: <none>

TIMING-16#73 Warning
Large setup violation  
There is a large setup violation of -52.158 ns between System_i/Zybo_PWMext_0/inst/Zybo_PWMext_v1_0_S_AXI_inst/slv_reg6_reg[0]/C (clocked by clk_fpga_0) and System_i/Zybo_PWMext_0/inst/clock_div1/counter_reg[20]/R (clocked by clk_fpga_0). Large setup violations at the end of those stages might be difficult to fix during the post-placement implementation flow and could be the result of non-optimal XDC constraints or non-optimal design architecture
Related violations: <none>

TIMING-16#74 Warning
Large setup violation  
There is a large setup violation of -52.158 ns between System_i/Zybo_PWMext_0/inst/Zybo_PWMext_v1_0_S_AXI_inst/slv_reg6_reg[0]/C (clocked by clk_fpga_0) and System_i/Zybo_PWMext_0/inst/clock_div1/counter_reg[21]/R (clocked by clk_fpga_0). Large setup violations at the end of those stages might be difficult to fix during the post-placement implementation flow and could be the result of non-optimal XDC constraints or non-optimal design architecture
Related violations: <none>

TIMING-16#75 Warning
Large setup violation  
There is a large setup violation of -52.158 ns between System_i/Zybo_PWMext_0/inst/Zybo_PWMext_v1_0_S_AXI_inst/slv_reg6_reg[0]/C (clocked by clk_fpga_0) and System_i/Zybo_PWMext_0/inst/clock_div1/counter_reg[22]/R (clocked by clk_fpga_0). Large setup violations at the end of those stages might be difficult to fix during the post-placement implementation flow and could be the result of non-optimal XDC constraints or non-optimal design architecture
Related violations: <none>

TIMING-16#76 Warning
Large setup violation  
There is a large setup violation of -52.158 ns between System_i/Zybo_PWMext_0/inst/Zybo_PWMext_v1_0_S_AXI_inst/slv_reg6_reg[0]/C (clocked by clk_fpga_0) and System_i/Zybo_PWMext_0/inst/clock_div1/counter_reg[23]/R (clocked by clk_fpga_0). Large setup violations at the end of those stages might be difficult to fix during the post-placement implementation flow and could be the result of non-optimal XDC constraints or non-optimal design architecture
Related violations: <none>

TIMING-16#77 Warning
Large setup violation  
There is a large setup violation of -52.261 ns between System_i/Zybo_PWMext_0/inst/Zybo_PWMext_v1_0_S_AXI_inst/slv_reg5_reg[0]/C (clocked by clk_fpga_0) and System_i/Zybo_PWMext_0/inst/clock_div0/counter_reg[24]/R (clocked by clk_fpga_0). Large setup violations at the end of those stages might be difficult to fix during the post-placement implementation flow and could be the result of non-optimal XDC constraints or non-optimal design architecture
Related violations: <none>

TIMING-16#78 Warning
Large setup violation  
There is a large setup violation of -52.261 ns between System_i/Zybo_PWMext_0/inst/Zybo_PWMext_v1_0_S_AXI_inst/slv_reg5_reg[0]/C (clocked by clk_fpga_0) and System_i/Zybo_PWMext_0/inst/clock_div0/counter_reg[25]/R (clocked by clk_fpga_0). Large setup violations at the end of those stages might be difficult to fix during the post-placement implementation flow and could be the result of non-optimal XDC constraints or non-optimal design architecture
Related violations: <none>

TIMING-16#79 Warning
Large setup violation  
There is a large setup violation of -52.261 ns between System_i/Zybo_PWMext_0/inst/Zybo_PWMext_v1_0_S_AXI_inst/slv_reg5_reg[0]/C (clocked by clk_fpga_0) and System_i/Zybo_PWMext_0/inst/clock_div0/counter_reg[26]/R (clocked by clk_fpga_0). Large setup violations at the end of those stages might be difficult to fix during the post-placement implementation flow and could be the result of non-optimal XDC constraints or non-optimal design architecture
Related violations: <none>

TIMING-16#80 Warning
Large setup violation  
There is a large setup violation of -52.261 ns between System_i/Zybo_PWMext_0/inst/Zybo_PWMext_v1_0_S_AXI_inst/slv_reg5_reg[0]/C (clocked by clk_fpga_0) and System_i/Zybo_PWMext_0/inst/clock_div0/counter_reg[27]/R (clocked by clk_fpga_0). Large setup violations at the end of those stages might be difficult to fix during the post-placement implementation flow and could be the result of non-optimal XDC constraints or non-optimal design architecture
Related violations: <none>

TIMING-16#81 Warning
Large setup violation  
There is a large setup violation of -52.279 ns between System_i/Zybo_PWMext_0/inst/Zybo_PWMext_v1_0_S_AXI_inst/slv_reg5_reg[0]/C (clocked by clk_fpga_0) and System_i/Zybo_PWMext_0/inst/clock_div0/counter_reg[12]/R (clocked by clk_fpga_0). Large setup violations at the end of those stages might be difficult to fix during the post-placement implementation flow and could be the result of non-optimal XDC constraints or non-optimal design architecture
Related violations: <none>

TIMING-16#82 Warning
Large setup violation  
There is a large setup violation of -52.279 ns between System_i/Zybo_PWMext_0/inst/Zybo_PWMext_v1_0_S_AXI_inst/slv_reg5_reg[0]/C (clocked by clk_fpga_0) and System_i/Zybo_PWMext_0/inst/clock_div0/counter_reg[13]/R (clocked by clk_fpga_0). Large setup violations at the end of those stages might be difficult to fix during the post-placement implementation flow and could be the result of non-optimal XDC constraints or non-optimal design architecture
Related violations: <none>

TIMING-16#83 Warning
Large setup violation  
There is a large setup violation of -52.279 ns between System_i/Zybo_PWMext_0/inst/Zybo_PWMext_v1_0_S_AXI_inst/slv_reg5_reg[0]/C (clocked by clk_fpga_0) and System_i/Zybo_PWMext_0/inst/clock_div0/counter_reg[14]/R (clocked by clk_fpga_0). Large setup violations at the end of those stages might be difficult to fix during the post-placement implementation flow and could be the result of non-optimal XDC constraints or non-optimal design architecture
Related violations: <none>

TIMING-16#84 Warning
Large setup violation  
There is a large setup violation of -52.279 ns between System_i/Zybo_PWMext_0/inst/Zybo_PWMext_v1_0_S_AXI_inst/slv_reg5_reg[0]/C (clocked by clk_fpga_0) and System_i/Zybo_PWMext_0/inst/clock_div0/counter_reg[15]/R (clocked by clk_fpga_0). Large setup violations at the end of those stages might be difficult to fix during the post-placement implementation flow and could be the result of non-optimal XDC constraints or non-optimal design architecture
Related violations: <none>

TIMING-16#85 Warning
Large setup violation  
There is a large setup violation of -52.289 ns between System_i/Zybo_PWMext_0/inst/Zybo_PWMext_v1_0_S_AXI_inst/slv_reg6_reg[0]/C (clocked by clk_fpga_0) and System_i/Zybo_PWMext_0/inst/clock_div1/counter_reg[16]/R (clocked by clk_fpga_0). Large setup violations at the end of those stages might be difficult to fix during the post-placement implementation flow and could be the result of non-optimal XDC constraints or non-optimal design architecture
Related violations: <none>

TIMING-16#86 Warning
Large setup violation  
There is a large setup violation of -52.289 ns between System_i/Zybo_PWMext_0/inst/Zybo_PWMext_v1_0_S_AXI_inst/slv_reg6_reg[0]/C (clocked by clk_fpga_0) and System_i/Zybo_PWMext_0/inst/clock_div1/counter_reg[17]/R (clocked by clk_fpga_0). Large setup violations at the end of those stages might be difficult to fix during the post-placement implementation flow and could be the result of non-optimal XDC constraints or non-optimal design architecture
Related violations: <none>

TIMING-16#87 Warning
Large setup violation  
There is a large setup violation of -52.289 ns between System_i/Zybo_PWMext_0/inst/Zybo_PWMext_v1_0_S_AXI_inst/slv_reg6_reg[0]/C (clocked by clk_fpga_0) and System_i/Zybo_PWMext_0/inst/clock_div1/counter_reg[18]/R (clocked by clk_fpga_0). Large setup violations at the end of those stages might be difficult to fix during the post-placement implementation flow and could be the result of non-optimal XDC constraints or non-optimal design architecture
Related violations: <none>

TIMING-16#88 Warning
Large setup violation  
There is a large setup violation of -52.289 ns between System_i/Zybo_PWMext_0/inst/Zybo_PWMext_v1_0_S_AXI_inst/slv_reg6_reg[0]/C (clocked by clk_fpga_0) and System_i/Zybo_PWMext_0/inst/clock_div1/counter_reg[19]/R (clocked by clk_fpga_0). Large setup violations at the end of those stages might be difficult to fix during the post-placement implementation flow and could be the result of non-optimal XDC constraints or non-optimal design architecture
Related violations: <none>

TIMING-16#89 Warning
Large setup violation  
There is a large setup violation of -52.296 ns between System_i/Zybo_PWMext_0/inst/Zybo_PWMext_v1_0_S_AXI_inst/slv_reg6_reg[0]/C (clocked by clk_fpga_0) and System_i/Zybo_PWMext_0/inst/clock_div1/counter_reg[24]/R (clocked by clk_fpga_0). Large setup violations at the end of those stages might be difficult to fix during the post-placement implementation flow and could be the result of non-optimal XDC constraints or non-optimal design architecture
Related violations: <none>

TIMING-16#90 Warning
Large setup violation  
There is a large setup violation of -52.296 ns between System_i/Zybo_PWMext_0/inst/Zybo_PWMext_v1_0_S_AXI_inst/slv_reg6_reg[0]/C (clocked by clk_fpga_0) and System_i/Zybo_PWMext_0/inst/clock_div1/counter_reg[25]/R (clocked by clk_fpga_0). Large setup violations at the end of those stages might be difficult to fix during the post-placement implementation flow and could be the result of non-optimal XDC constraints or non-optimal design architecture
Related violations: <none>

TIMING-16#91 Warning
Large setup violation  
There is a large setup violation of -52.296 ns between System_i/Zybo_PWMext_0/inst/Zybo_PWMext_v1_0_S_AXI_inst/slv_reg6_reg[0]/C (clocked by clk_fpga_0) and System_i/Zybo_PWMext_0/inst/clock_div1/counter_reg[26]/R (clocked by clk_fpga_0). Large setup violations at the end of those stages might be difficult to fix during the post-placement implementation flow and could be the result of non-optimal XDC constraints or non-optimal design architecture
Related violations: <none>

TIMING-16#92 Warning
Large setup violation  
There is a large setup violation of -52.296 ns between System_i/Zybo_PWMext_0/inst/Zybo_PWMext_v1_0_S_AXI_inst/slv_reg6_reg[0]/C (clocked by clk_fpga_0) and System_i/Zybo_PWMext_0/inst/clock_div1/counter_reg[27]/R (clocked by clk_fpga_0). Large setup violations at the end of those stages might be difficult to fix during the post-placement implementation flow and could be the result of non-optimal XDC constraints or non-optimal design architecture
Related violations: <none>

TIMING-16#93 Warning
Large setup violation  
There is a large setup violation of -52.303 ns between System_i/Zybo_PWMext_0/inst/Zybo_PWMext_v1_0_S_AXI_inst/slv_reg6_reg[0]/C (clocked by clk_fpga_0) and System_i/Zybo_PWMext_0/inst/clock_div1/counter_reg[12]/R (clocked by clk_fpga_0). Large setup violations at the end of those stages might be difficult to fix during the post-placement implementation flow and could be the result of non-optimal XDC constraints or non-optimal design architecture
Related violations: <none>

TIMING-16#94 Warning
Large setup violation  
There is a large setup violation of -52.303 ns between System_i/Zybo_PWMext_0/inst/Zybo_PWMext_v1_0_S_AXI_inst/slv_reg6_reg[0]/C (clocked by clk_fpga_0) and System_i/Zybo_PWMext_0/inst/clock_div1/counter_reg[13]/R (clocked by clk_fpga_0). Large setup violations at the end of those stages might be difficult to fix during the post-placement implementation flow and could be the result of non-optimal XDC constraints or non-optimal design architecture
Related violations: <none>

TIMING-16#95 Warning
Large setup violation  
There is a large setup violation of -52.303 ns between System_i/Zybo_PWMext_0/inst/Zybo_PWMext_v1_0_S_AXI_inst/slv_reg6_reg[0]/C (clocked by clk_fpga_0) and System_i/Zybo_PWMext_0/inst/clock_div1/counter_reg[14]/R (clocked by clk_fpga_0). Large setup violations at the end of those stages might be difficult to fix during the post-placement implementation flow and could be the result of non-optimal XDC constraints or non-optimal design architecture
Related violations: <none>

TIMING-16#96 Warning
Large setup violation  
There is a large setup violation of -52.303 ns between System_i/Zybo_PWMext_0/inst/Zybo_PWMext_v1_0_S_AXI_inst/slv_reg6_reg[0]/C (clocked by clk_fpga_0) and System_i/Zybo_PWMext_0/inst/clock_div1/counter_reg[15]/R (clocked by clk_fpga_0). Large setup violations at the end of those stages might be difficult to fix during the post-placement implementation flow and could be the result of non-optimal XDC constraints or non-optimal design architecture
Related violations: <none>

TIMING-16#97 Warning
Large setup violation  
There is a large setup violation of -52.400 ns between System_i/Zybo_PWMext_0/inst/Zybo_PWMext_v1_0_S_AXI_inst/slv_reg5_reg[0]/C (clocked by clk_fpga_0) and System_i/Zybo_PWMext_0/inst/clock_div0/counter_reg[28]/R (clocked by clk_fpga_0). Large setup violations at the end of those stages might be difficult to fix during the post-placement implementation flow and could be the result of non-optimal XDC constraints or non-optimal design architecture
Related violations: <none>

TIMING-16#98 Warning
Large setup violation  
There is a large setup violation of -52.400 ns between System_i/Zybo_PWMext_0/inst/Zybo_PWMext_v1_0_S_AXI_inst/slv_reg5_reg[0]/C (clocked by clk_fpga_0) and System_i/Zybo_PWMext_0/inst/clock_div0/counter_reg[29]/R (clocked by clk_fpga_0). Large setup violations at the end of those stages might be difficult to fix during the post-placement implementation flow and could be the result of non-optimal XDC constraints or non-optimal design architecture
Related violations: <none>

TIMING-16#99 Warning
Large setup violation  
There is a large setup violation of -52.400 ns between System_i/Zybo_PWMext_0/inst/Zybo_PWMext_v1_0_S_AXI_inst/slv_reg5_reg[0]/C (clocked by clk_fpga_0) and System_i/Zybo_PWMext_0/inst/clock_div0/counter_reg[30]/R (clocked by clk_fpga_0). Large setup violations at the end of those stages might be difficult to fix during the post-placement implementation flow and could be the result of non-optimal XDC constraints or non-optimal design architecture
Related violations: <none>

TIMING-16#100 Warning
Large setup violation  
There is a large setup violation of -52.400 ns between System_i/Zybo_PWMext_0/inst/Zybo_PWMext_v1_0_S_AXI_inst/slv_reg5_reg[0]/C (clocked by clk_fpga_0) and System_i/Zybo_PWMext_0/inst/clock_div0/counter_reg[31]/R (clocked by clk_fpga_0). Large setup violations at the end of those stages might be difficult to fix during the post-placement implementation flow and could be the result of non-optimal XDC constraints or non-optimal design architecture
Related violations: <none>

TIMING-16#101 Warning
Large setup violation  
There is a large setup violation of -52.410 ns between System_i/Zybo_PWMext_0/inst/Zybo_PWMext_v1_0_S_AXI_inst/slv_reg5_reg[0]/C (clocked by clk_fpga_0) and System_i/Zybo_PWMext_0/inst/clock_div0/counter_reg[10]/R (clocked by clk_fpga_0). Large setup violations at the end of those stages might be difficult to fix during the post-placement implementation flow and could be the result of non-optimal XDC constraints or non-optimal design architecture
Related violations: <none>

TIMING-16#102 Warning
Large setup violation  
There is a large setup violation of -52.410 ns between System_i/Zybo_PWMext_0/inst/Zybo_PWMext_v1_0_S_AXI_inst/slv_reg5_reg[0]/C (clocked by clk_fpga_0) and System_i/Zybo_PWMext_0/inst/clock_div0/counter_reg[11]/R (clocked by clk_fpga_0). Large setup violations at the end of those stages might be difficult to fix during the post-placement implementation flow and could be the result of non-optimal XDC constraints or non-optimal design architecture
Related violations: <none>

TIMING-16#103 Warning
Large setup violation  
There is a large setup violation of -52.410 ns between System_i/Zybo_PWMext_0/inst/Zybo_PWMext_v1_0_S_AXI_inst/slv_reg5_reg[0]/C (clocked by clk_fpga_0) and System_i/Zybo_PWMext_0/inst/clock_div0/counter_reg[8]/R (clocked by clk_fpga_0). Large setup violations at the end of those stages might be difficult to fix during the post-placement implementation flow and could be the result of non-optimal XDC constraints or non-optimal design architecture
Related violations: <none>

TIMING-16#104 Warning
Large setup violation  
There is a large setup violation of -52.410 ns between System_i/Zybo_PWMext_0/inst/Zybo_PWMext_v1_0_S_AXI_inst/slv_reg5_reg[0]/C (clocked by clk_fpga_0) and System_i/Zybo_PWMext_0/inst/clock_div0/counter_reg[9]/R (clocked by clk_fpga_0). Large setup violations at the end of those stages might be difficult to fix during the post-placement implementation flow and could be the result of non-optimal XDC constraints or non-optimal design architecture
Related violations: <none>

TIMING-16#105 Warning
Large setup violation  
There is a large setup violation of -52.414 ns between System_i/Zybo_PWMext_0/inst/Zybo_PWMext_v1_0_S_AXI_inst/slv_reg5_reg[0]/C (clocked by clk_fpga_0) and System_i/Zybo_PWMext_0/inst/clock_div0/counter_reg[4]/R (clocked by clk_fpga_0). Large setup violations at the end of those stages might be difficult to fix during the post-placement implementation flow and could be the result of non-optimal XDC constraints or non-optimal design architecture
Related violations: <none>

TIMING-16#106 Warning
Large setup violation  
There is a large setup violation of -52.414 ns between System_i/Zybo_PWMext_0/inst/Zybo_PWMext_v1_0_S_AXI_inst/slv_reg5_reg[0]/C (clocked by clk_fpga_0) and System_i/Zybo_PWMext_0/inst/clock_div0/counter_reg[5]/R (clocked by clk_fpga_0). Large setup violations at the end of those stages might be difficult to fix during the post-placement implementation flow and could be the result of non-optimal XDC constraints or non-optimal design architecture
Related violations: <none>

TIMING-16#107 Warning
Large setup violation  
There is a large setup violation of -52.414 ns between System_i/Zybo_PWMext_0/inst/Zybo_PWMext_v1_0_S_AXI_inst/slv_reg5_reg[0]/C (clocked by clk_fpga_0) and System_i/Zybo_PWMext_0/inst/clock_div0/counter_reg[6]/R (clocked by clk_fpga_0). Large setup violations at the end of those stages might be difficult to fix during the post-placement implementation flow and could be the result of non-optimal XDC constraints or non-optimal design architecture
Related violations: <none>

TIMING-16#108 Warning
Large setup violation  
There is a large setup violation of -52.414 ns between System_i/Zybo_PWMext_0/inst/Zybo_PWMext_v1_0_S_AXI_inst/slv_reg5_reg[0]/C (clocked by clk_fpga_0) and System_i/Zybo_PWMext_0/inst/clock_div0/counter_reg[7]/R (clocked by clk_fpga_0). Large setup violations at the end of those stages might be difficult to fix during the post-placement implementation flow and could be the result of non-optimal XDC constraints or non-optimal design architecture
Related violations: <none>

TIMING-16#109 Warning
Large setup violation  
There is a large setup violation of -52.417 ns between System_i/Zybo_PWMext_0/inst/Zybo_PWMext_v1_0_S_AXI_inst/slv_reg5_reg[0]/C (clocked by clk_fpga_0) and System_i/Zybo_PWMext_0/inst/clock_div0/counter_reg[16]/R (clocked by clk_fpga_0). Large setup violations at the end of those stages might be difficult to fix during the post-placement implementation flow and could be the result of non-optimal XDC constraints or non-optimal design architecture
Related violations: <none>

TIMING-16#110 Warning
Large setup violation  
There is a large setup violation of -52.417 ns between System_i/Zybo_PWMext_0/inst/Zybo_PWMext_v1_0_S_AXI_inst/slv_reg5_reg[0]/C (clocked by clk_fpga_0) and System_i/Zybo_PWMext_0/inst/clock_div0/counter_reg[17]/R (clocked by clk_fpga_0). Large setup violations at the end of those stages might be difficult to fix during the post-placement implementation flow and could be the result of non-optimal XDC constraints or non-optimal design architecture
Related violations: <none>

TIMING-16#111 Warning
Large setup violation  
There is a large setup violation of -52.417 ns between System_i/Zybo_PWMext_0/inst/Zybo_PWMext_v1_0_S_AXI_inst/slv_reg5_reg[0]/C (clocked by clk_fpga_0) and System_i/Zybo_PWMext_0/inst/clock_div0/counter_reg[18]/R (clocked by clk_fpga_0). Large setup violations at the end of those stages might be difficult to fix during the post-placement implementation flow and could be the result of non-optimal XDC constraints or non-optimal design architecture
Related violations: <none>

TIMING-16#112 Warning
Large setup violation  
There is a large setup violation of -52.417 ns between System_i/Zybo_PWMext_0/inst/Zybo_PWMext_v1_0_S_AXI_inst/slv_reg5_reg[0]/C (clocked by clk_fpga_0) and System_i/Zybo_PWMext_0/inst/clock_div0/counter_reg[19]/R (clocked by clk_fpga_0). Large setup violations at the end of those stages might be difficult to fix during the post-placement implementation flow and could be the result of non-optimal XDC constraints or non-optimal design architecture
Related violations: <none>

TIMING-16#113 Warning
Large setup violation  
There is a large setup violation of -52.444 ns between System_i/Zybo_PWMext_0/inst/Zybo_PWMext_v1_0_S_AXI_inst/slv_reg6_reg[0]/C (clocked by clk_fpga_0) and System_i/Zybo_PWMext_0/inst/clock_div1/counter_reg[10]/R (clocked by clk_fpga_0). Large setup violations at the end of those stages might be difficult to fix during the post-placement implementation flow and could be the result of non-optimal XDC constraints or non-optimal design architecture
Related violations: <none>

TIMING-16#114 Warning
Large setup violation  
There is a large setup violation of -52.444 ns between System_i/Zybo_PWMext_0/inst/Zybo_PWMext_v1_0_S_AXI_inst/slv_reg6_reg[0]/C (clocked by clk_fpga_0) and System_i/Zybo_PWMext_0/inst/clock_div1/counter_reg[11]/R (clocked by clk_fpga_0). Large setup violations at the end of those stages might be difficult to fix during the post-placement implementation flow and could be the result of non-optimal XDC constraints or non-optimal design architecture
Related violations: <none>

TIMING-16#115 Warning
Large setup violation  
There is a large setup violation of -52.444 ns between System_i/Zybo_PWMext_0/inst/Zybo_PWMext_v1_0_S_AXI_inst/slv_reg6_reg[0]/C (clocked by clk_fpga_0) and System_i/Zybo_PWMext_0/inst/clock_div1/counter_reg[8]/R (clocked by clk_fpga_0). Large setup violations at the end of those stages might be difficult to fix during the post-placement implementation flow and could be the result of non-optimal XDC constraints or non-optimal design architecture
Related violations: <none>

TIMING-16#116 Warning
Large setup violation  
There is a large setup violation of -52.444 ns between System_i/Zybo_PWMext_0/inst/Zybo_PWMext_v1_0_S_AXI_inst/slv_reg6_reg[0]/C (clocked by clk_fpga_0) and System_i/Zybo_PWMext_0/inst/clock_div1/counter_reg[9]/R (clocked by clk_fpga_0). Large setup violations at the end of those stages might be difficult to fix during the post-placement implementation flow and could be the result of non-optimal XDC constraints or non-optimal design architecture
Related violations: <none>

TIMING-16#117 Warning
Large setup violation  
There is a large setup violation of -52.450 ns between System_i/Zybo_PWMext_0/inst/Zybo_PWMext_v1_0_S_AXI_inst/slv_reg5_reg[0]/C (clocked by clk_fpga_0) and System_i/Zybo_PWMext_0/inst/clock_div0/counter_reg[0]/R (clocked by clk_fpga_0). Large setup violations at the end of those stages might be difficult to fix during the post-placement implementation flow and could be the result of non-optimal XDC constraints or non-optimal design architecture
Related violations: <none>

TIMING-16#118 Warning
Large setup violation  
There is a large setup violation of -52.450 ns between System_i/Zybo_PWMext_0/inst/Zybo_PWMext_v1_0_S_AXI_inst/slv_reg5_reg[0]/C (clocked by clk_fpga_0) and System_i/Zybo_PWMext_0/inst/clock_div0/counter_reg[1]/R (clocked by clk_fpga_0). Large setup violations at the end of those stages might be difficult to fix during the post-placement implementation flow and could be the result of non-optimal XDC constraints or non-optimal design architecture
Related violations: <none>

TIMING-16#119 Warning
Large setup violation  
There is a large setup violation of -52.450 ns between System_i/Zybo_PWMext_0/inst/Zybo_PWMext_v1_0_S_AXI_inst/slv_reg5_reg[0]/C (clocked by clk_fpga_0) and System_i/Zybo_PWMext_0/inst/clock_div0/counter_reg[2]/R (clocked by clk_fpga_0). Large setup violations at the end of those stages might be difficult to fix during the post-placement implementation flow and could be the result of non-optimal XDC constraints or non-optimal design architecture
Related violations: <none>

TIMING-16#120 Warning
Large setup violation  
There is a large setup violation of -52.450 ns between System_i/Zybo_PWMext_0/inst/Zybo_PWMext_v1_0_S_AXI_inst/slv_reg5_reg[0]/C (clocked by clk_fpga_0) and System_i/Zybo_PWMext_0/inst/clock_div0/counter_reg[3]/R (clocked by clk_fpga_0). Large setup violations at the end of those stages might be difficult to fix during the post-placement implementation flow and could be the result of non-optimal XDC constraints or non-optimal design architecture
Related violations: <none>

TIMING-16#121 Warning
Large setup violation  
There is a large setup violation of -52.459 ns between System_i/Zybo_PWMext_0/inst/Zybo_PWMext_v1_0_S_AXI_inst/slv_reg6_reg[0]/C (clocked by clk_fpga_0) and System_i/Zybo_PWMext_0/inst/clock_div1/counter_reg[4]/R (clocked by clk_fpga_0). Large setup violations at the end of those stages might be difficult to fix during the post-placement implementation flow and could be the result of non-optimal XDC constraints or non-optimal design architecture
Related violations: <none>

TIMING-16#122 Warning
Large setup violation  
There is a large setup violation of -52.459 ns between System_i/Zybo_PWMext_0/inst/Zybo_PWMext_v1_0_S_AXI_inst/slv_reg6_reg[0]/C (clocked by clk_fpga_0) and System_i/Zybo_PWMext_0/inst/clock_div1/counter_reg[5]/R (clocked by clk_fpga_0). Large setup violations at the end of those stages might be difficult to fix during the post-placement implementation flow and could be the result of non-optimal XDC constraints or non-optimal design architecture
Related violations: <none>

TIMING-16#123 Warning
Large setup violation  
There is a large setup violation of -52.459 ns between System_i/Zybo_PWMext_0/inst/Zybo_PWMext_v1_0_S_AXI_inst/slv_reg6_reg[0]/C (clocked by clk_fpga_0) and System_i/Zybo_PWMext_0/inst/clock_div1/counter_reg[6]/R (clocked by clk_fpga_0). Large setup violations at the end of those stages might be difficult to fix during the post-placement implementation flow and could be the result of non-optimal XDC constraints or non-optimal design architecture
Related violations: <none>

TIMING-16#124 Warning
Large setup violation  
There is a large setup violation of -52.459 ns between System_i/Zybo_PWMext_0/inst/Zybo_PWMext_v1_0_S_AXI_inst/slv_reg6_reg[0]/C (clocked by clk_fpga_0) and System_i/Zybo_PWMext_0/inst/clock_div1/counter_reg[7]/R (clocked by clk_fpga_0). Large setup violations at the end of those stages might be difficult to fix during the post-placement implementation flow and could be the result of non-optimal XDC constraints or non-optimal design architecture
Related violations: <none>

TIMING-16#125 Warning
Large setup violation  
There is a large setup violation of -52.492 ns between System_i/Zybo_PWMext_0/inst/Zybo_PWMext_v1_0_S_AXI_inst/slv_reg6_reg[0]/C (clocked by clk_fpga_0) and System_i/Zybo_PWMext_0/inst/clock_div1/counter_reg[0]/R (clocked by clk_fpga_0). Large setup violations at the end of those stages might be difficult to fix during the post-placement implementation flow and could be the result of non-optimal XDC constraints or non-optimal design architecture
Related violations: <none>

TIMING-16#126 Warning
Large setup violation  
There is a large setup violation of -52.492 ns between System_i/Zybo_PWMext_0/inst/Zybo_PWMext_v1_0_S_AXI_inst/slv_reg6_reg[0]/C (clocked by clk_fpga_0) and System_i/Zybo_PWMext_0/inst/clock_div1/counter_reg[1]/R (clocked by clk_fpga_0). Large setup violations at the end of those stages might be difficult to fix during the post-placement implementation flow and could be the result of non-optimal XDC constraints or non-optimal design architecture
Related violations: <none>

TIMING-16#127 Warning
Large setup violation  
There is a large setup violation of -52.492 ns between System_i/Zybo_PWMext_0/inst/Zybo_PWMext_v1_0_S_AXI_inst/slv_reg6_reg[0]/C (clocked by clk_fpga_0) and System_i/Zybo_PWMext_0/inst/clock_div1/counter_reg[2]/R (clocked by clk_fpga_0). Large setup violations at the end of those stages might be difficult to fix during the post-placement implementation flow and could be the result of non-optimal XDC constraints or non-optimal design architecture
Related violations: <none>

TIMING-16#128 Warning
Large setup violation  
There is a large setup violation of -52.492 ns between System_i/Zybo_PWMext_0/inst/Zybo_PWMext_v1_0_S_AXI_inst/slv_reg6_reg[0]/C (clocked by clk_fpga_0) and System_i/Zybo_PWMext_0/inst/clock_div1/counter_reg[3]/R (clocked by clk_fpga_0). Large setup violations at the end of those stages might be difficult to fix during the post-placement implementation flow and could be the result of non-optimal XDC constraints or non-optimal design architecture
Related violations: <none>

TIMING-16#129 Warning
Large setup violation  
There is a large setup violation of -52.608 ns between System_i/Zybo_PWMext_0/inst/Zybo_PWMext_v1_0_S_AXI_inst/slv_reg6_reg[0]/C (clocked by clk_fpga_0) and System_i/Zybo_PWMext_0/inst/clock_div1/counter_reg[28]/R (clocked by clk_fpga_0). Large setup violations at the end of those stages might be difficult to fix during the post-placement implementation flow and could be the result of non-optimal XDC constraints or non-optimal design architecture
Related violations: <none>

TIMING-16#130 Warning
Large setup violation  
There is a large setup violation of -52.608 ns between System_i/Zybo_PWMext_0/inst/Zybo_PWMext_v1_0_S_AXI_inst/slv_reg6_reg[0]/C (clocked by clk_fpga_0) and System_i/Zybo_PWMext_0/inst/clock_div1/counter_reg[29]/R (clocked by clk_fpga_0). Large setup violations at the end of those stages might be difficult to fix during the post-placement implementation flow and could be the result of non-optimal XDC constraints or non-optimal design architecture
Related violations: <none>

TIMING-16#131 Warning
Large setup violation  
There is a large setup violation of -52.608 ns between System_i/Zybo_PWMext_0/inst/Zybo_PWMext_v1_0_S_AXI_inst/slv_reg6_reg[0]/C (clocked by clk_fpga_0) and System_i/Zybo_PWMext_0/inst/clock_div1/counter_reg[30]/R (clocked by clk_fpga_0). Large setup violations at the end of those stages might be difficult to fix during the post-placement implementation flow and could be the result of non-optimal XDC constraints or non-optimal design architecture
Related violations: <none>

TIMING-16#132 Warning
Large setup violation  
There is a large setup violation of -52.608 ns between System_i/Zybo_PWMext_0/inst/Zybo_PWMext_v1_0_S_AXI_inst/slv_reg6_reg[0]/C (clocked by clk_fpga_0) and System_i/Zybo_PWMext_0/inst/clock_div1/counter_reg[31]/R (clocked by clk_fpga_0). Large setup violations at the end of those stages might be difficult to fix during the post-placement implementation flow and could be the result of non-optimal XDC constraints or non-optimal design architecture
Related violations: <none>

TIMING-17#1 Warning
Non-clocked sequential cell  
The clock pin System_i/Zybo_PWMext_0/inst/comparator0/PWM_reg/C is not reached by a timing clock
Related violations: <none>

TIMING-17#2 Warning
Non-clocked sequential cell  
The clock pin System_i/Zybo_PWMext_0/inst/comparator1/PWM_reg/C is not reached by a timing clock
Related violations: <none>

TIMING-17#3 Warning
Non-clocked sequential cell  
The clock pin System_i/Zybo_PWMext_0/inst/comparator2/PWM_reg/C is not reached by a timing clock
Related violations: <none>

TIMING-17#4 Warning
Non-clocked sequential cell  
The clock pin System_i/Zybo_PWMext_0/inst/comparator3/PWM_reg/C is not reached by a timing clock
Related violations: <none>

TIMING-17#5 Warning
Non-clocked sequential cell  
The clock pin System_i/Zybo_PWMext_0/inst/counter0/cntr_reg[0]/C is not reached by a timing clock
Related violations: <none>

TIMING-17#6 Warning
Non-clocked sequential cell  
The clock pin System_i/Zybo_PWMext_0/inst/counter0/cntr_reg[1]/C is not reached by a timing clock
Related violations: <none>

TIMING-17#7 Warning
Non-clocked sequential cell  
The clock pin System_i/Zybo_PWMext_0/inst/counter0/cntr_reg[2]/C is not reached by a timing clock
Related violations: <none>

TIMING-17#8 Warning
Non-clocked sequential cell  
The clock pin System_i/Zybo_PWMext_0/inst/counter0/cntr_reg[3]/C is not reached by a timing clock
Related violations: <none>

TIMING-17#9 Warning
Non-clocked sequential cell  
The clock pin System_i/Zybo_PWMext_0/inst/counter0/cntr_reg[4]/C is not reached by a timing clock
Related violations: <none>

TIMING-17#10 Warning
Non-clocked sequential cell  
The clock pin System_i/Zybo_PWMext_0/inst/counter0/cntr_reg[5]/C is not reached by a timing clock
Related violations: <none>

TIMING-17#11 Warning
Non-clocked sequential cell  
The clock pin System_i/Zybo_PWMext_0/inst/counter0/cntr_reg[6]/C is not reached by a timing clock
Related violations: <none>

TIMING-17#12 Warning
Non-clocked sequential cell  
The clock pin System_i/Zybo_PWMext_0/inst/counter0/cntr_reg[7]/C is not reached by a timing clock
Related violations: <none>

TIMING-17#13 Warning
Non-clocked sequential cell  
The clock pin System_i/Zybo_PWMext_0/inst/counter0/cntr_reg[8]/C is not reached by a timing clock
Related violations: <none>

TIMING-17#14 Warning
Non-clocked sequential cell  
The clock pin System_i/Zybo_PWMext_0/inst/counter0/cntr_reg[9]/C is not reached by a timing clock
Related violations: <none>

TIMING-17#15 Warning
Non-clocked sequential cell  
The clock pin System_i/Zybo_PWMext_0/inst/counter1/cntr_reg[0]/C is not reached by a timing clock
Related violations: <none>

TIMING-17#16 Warning
Non-clocked sequential cell  
The clock pin System_i/Zybo_PWMext_0/inst/counter1/cntr_reg[1]/C is not reached by a timing clock
Related violations: <none>

TIMING-17#17 Warning
Non-clocked sequential cell  
The clock pin System_i/Zybo_PWMext_0/inst/counter1/cntr_reg[2]/C is not reached by a timing clock
Related violations: <none>

TIMING-17#18 Warning
Non-clocked sequential cell  
The clock pin System_i/Zybo_PWMext_0/inst/counter1/cntr_reg[3]/C is not reached by a timing clock
Related violations: <none>

TIMING-17#19 Warning
Non-clocked sequential cell  
The clock pin System_i/Zybo_PWMext_0/inst/counter1/cntr_reg[4]/C is not reached by a timing clock
Related violations: <none>

TIMING-17#20 Warning
Non-clocked sequential cell  
The clock pin System_i/Zybo_PWMext_0/inst/counter1/cntr_reg[5]/C is not reached by a timing clock
Related violations: <none>

TIMING-17#21 Warning
Non-clocked sequential cell  
The clock pin System_i/Zybo_PWMext_0/inst/counter1/cntr_reg[6]/C is not reached by a timing clock
Related violations: <none>

TIMING-17#22 Warning
Non-clocked sequential cell  
The clock pin System_i/Zybo_PWMext_0/inst/counter1/cntr_reg[7]/C is not reached by a timing clock
Related violations: <none>

TIMING-17#23 Warning
Non-clocked sequential cell  
The clock pin System_i/Zybo_PWMext_0/inst/counter1/cntr_reg[8]/C is not reached by a timing clock
Related violations: <none>

TIMING-17#24 Warning
Non-clocked sequential cell  
The clock pin System_i/Zybo_PWMext_0/inst/counter1/cntr_reg[9]/C is not reached by a timing clock
Related violations: <none>

TIMING-17#25 Warning
Non-clocked sequential cell  
The clock pin System_i/Zybo_PWMext_0/inst/counter2/cntr_reg[0]/C is not reached by a timing clock
Related violations: <none>

TIMING-17#26 Warning
Non-clocked sequential cell  
The clock pin System_i/Zybo_PWMext_0/inst/counter2/cntr_reg[1]/C is not reached by a timing clock
Related violations: <none>

TIMING-17#27 Warning
Non-clocked sequential cell  
The clock pin System_i/Zybo_PWMext_0/inst/counter2/cntr_reg[2]/C is not reached by a timing clock
Related violations: <none>

TIMING-17#28 Warning
Non-clocked sequential cell  
The clock pin System_i/Zybo_PWMext_0/inst/counter2/cntr_reg[3]/C is not reached by a timing clock
Related violations: <none>

TIMING-17#29 Warning
Non-clocked sequential cell  
The clock pin System_i/Zybo_PWMext_0/inst/counter2/cntr_reg[4]/C is not reached by a timing clock
Related violations: <none>

TIMING-17#30 Warning
Non-clocked sequential cell  
The clock pin System_i/Zybo_PWMext_0/inst/counter2/cntr_reg[5]/C is not reached by a timing clock
Related violations: <none>

TIMING-17#31 Warning
Non-clocked sequential cell  
The clock pin System_i/Zybo_PWMext_0/inst/counter2/cntr_reg[6]/C is not reached by a timing clock
Related violations: <none>

TIMING-17#32 Warning
Non-clocked sequential cell  
The clock pin System_i/Zybo_PWMext_0/inst/counter2/cntr_reg[7]/C is not reached by a timing clock
Related violations: <none>

TIMING-17#33 Warning
Non-clocked sequential cell  
The clock pin System_i/Zybo_PWMext_0/inst/counter2/cntr_reg[8]/C is not reached by a timing clock
Related violations: <none>

TIMING-17#34 Warning
Non-clocked sequential cell  
The clock pin System_i/Zybo_PWMext_0/inst/counter2/cntr_reg[9]/C is not reached by a timing clock
Related violations: <none>

TIMING-17#35 Warning
Non-clocked sequential cell  
The clock pin System_i/Zybo_PWMext_0/inst/counter3/cntr_reg[0]/C is not reached by a timing clock
Related violations: <none>

TIMING-17#36 Warning
Non-clocked sequential cell  
The clock pin System_i/Zybo_PWMext_0/inst/counter3/cntr_reg[1]/C is not reached by a timing clock
Related violations: <none>

TIMING-17#37 Warning
Non-clocked sequential cell  
The clock pin System_i/Zybo_PWMext_0/inst/counter3/cntr_reg[2]/C is not reached by a timing clock
Related violations: <none>

TIMING-17#38 Warning
Non-clocked sequential cell  
The clock pin System_i/Zybo_PWMext_0/inst/counter3/cntr_reg[3]/C is not reached by a timing clock
Related violations: <none>

TIMING-17#39 Warning
Non-clocked sequential cell  
The clock pin System_i/Zybo_PWMext_0/inst/counter3/cntr_reg[4]/C is not reached by a timing clock
Related violations: <none>

TIMING-17#40 Warning
Non-clocked sequential cell  
The clock pin System_i/Zybo_PWMext_0/inst/counter3/cntr_reg[5]/C is not reached by a timing clock
Related violations: <none>

TIMING-17#41 Warning
Non-clocked sequential cell  
The clock pin System_i/Zybo_PWMext_0/inst/counter3/cntr_reg[6]/C is not reached by a timing clock
Related violations: <none>

TIMING-17#42 Warning
Non-clocked sequential cell  
The clock pin System_i/Zybo_PWMext_0/inst/counter3/cntr_reg[7]/C is not reached by a timing clock
Related violations: <none>

TIMING-17#43 Warning
Non-clocked sequential cell  
The clock pin System_i/Zybo_PWMext_0/inst/counter3/cntr_reg[8]/C is not reached by a timing clock
Related violations: <none>

TIMING-17#44 Warning
Non-clocked sequential cell  
The clock pin System_i/Zybo_PWMext_0/inst/counter3/cntr_reg[9]/C is not reached by a timing clock
Related violations: <none>


