
*** Running vivado
    with args -log System_processing_system7_0_0.vds -m64 -product Vivado -mode batch -messageDb vivado.pb -notrace -source System_processing_system7_0_0.tcl


****** Vivado v2017.3.1 (64-bit)
  **** SW Build 2035080 on Fri Oct 20 14:20:01 MDT 2017
  **** IP Build 2034413 on Fri Oct 20 15:56:25 MDT 2017
    ** Copyright 1986-2017 Xilinx, Inc. All Rights Reserved.

source System_processing_system7_0_0.tcl -notrace
Starting RTL Elaboration : Time (s): cpu = 00:00:09 ; elapsed = 00:00:10 . Memory (MB): peak = 362.621 ; gain = 104.434
INFO: [Synth 8-638] synthesizing module 'System_processing_system7_0_0' [c:/Users/jlrei/Documents/SourceTree/EE324_Lab4ext/EE324_Lab4ext.srcs/sources_1/bd/System/ip/System_processing_system7_0_0/synth/System_processing_system7_0_0.v:60]
INFO: [Synth 8-638] synthesizing module 'processing_system7_v5_5_processing_system7' [c:/Users/jlrei/Documents/SourceTree/EE324_Lab4ext/EE324_Lab4ext.srcs/sources_1/bd/System/ip/System_processing_system7_0_0/hdl/verilog/processing_system7_v5_5_processing_system7.v:161]
INFO: [Synth 8-638] synthesizing module 'BUFG' [C:/Xilinx/Vivado/2017.3/scripts/rt/data/unisim_comp.v:607]
INFO: [Synth 8-256] done synthesizing module 'BUFG' (1#1) [C:/Xilinx/Vivado/2017.3/scripts/rt/data/unisim_comp.v:607]
INFO: [Synth 8-638] synthesizing module 'BIBUF' [C:/Xilinx/Vivado/2017.3/scripts/rt/data/unisim_comp.v:268]
INFO: [Synth 8-256] done synthesizing module 'BIBUF' (2#1) [C:/Xilinx/Vivado/2017.3/scripts/rt/data/unisim_comp.v:268]
INFO: [Synth 8-638] synthesizing module 'PS7' [C:/Xilinx/Vivado/2017.3/scripts/rt/data/unisim_comp.v:40559]
INFO: [Synth 8-256] done synthesizing module 'PS7' (3#1) [C:/Xilinx/Vivado/2017.3/scripts/rt/data/unisim_comp.v:40559]
INFO: [Synth 8-256] done synthesizing module 'processing_system7_v5_5_processing_system7' (4#1) [c:/Users/jlrei/Documents/SourceTree/EE324_Lab4ext/EE324_Lab4ext.srcs/sources_1/bd/System/ip/System_processing_system7_0_0/hdl/verilog/processing_system7_v5_5_processing_system7.v:161]
INFO: [Synth 8-256] done synthesizing module 'System_processing_system7_0_0' (5#1) [c:/Users/jlrei/Documents/SourceTree/EE324_Lab4ext/EE324_Lab4ext.srcs/sources_1/bd/System/ip/System_processing_system7_0_0/synth/System_processing_system7_0_0.v:60]
Finished RTL Elaboration : Time (s): cpu = 00:00:12 ; elapsed = 00:00:12 . Memory (MB): peak = 415.984 ; gain = 157.797
Finished RTL Optimization Phase 1 : Time (s): cpu = 00:00:12 ; elapsed = 00:00:13 . Memory (MB): peak = 415.984 ; gain = 157.797
INFO: [Device 21-403] Loading part xc7z010clg400-1
Constraint Validation Runtime : Time (s): cpu = 00:00:00 ; elapsed = 00:00:00.047 . Memory (MB): peak = 675.355 ; gain = 0.000
Finished Constraint Validation : Time (s): cpu = 00:00:35 ; elapsed = 00:00:37 . Memory (MB): peak = 675.355 ; gain = 417.168
Finished Loading Part and Timing Information : Time (s): cpu = 00:00:35 ; elapsed = 00:00:37 . Memory (MB): peak = 675.355 ; gain = 417.168
Finished applying 'set_property' XDC Constraints : Time (s): cpu = 00:00:36 ; elapsed = 00:00:38 . Memory (MB): peak = 675.355 ; gain = 417.168
Finished RTL Optimization Phase 2 : Time (s): cpu = 00:00:37 ; elapsed = 00:00:39 . Memory (MB): peak = 675.355 ; gain = 417.168
Finished Cross Boundary and Area Optimization : Time (s): cpu = 00:00:38 ; elapsed = 00:00:40 . Memory (MB): peak = 675.355 ; gain = 417.168
Finished Applying XDC Timing Constraints : Time (s): cpu = 00:00:58 ; elapsed = 00:01:01 . Memory (MB): peak = 890.906 ; gain = 632.719
Finished Timing Optimization : Time (s): cpu = 00:00:58 ; elapsed = 00:01:01 . Memory (MB): peak = 911.102 ; gain = 652.914
Finished Technology Mapping : Time (s): cpu = 00:01:00 ; elapsed = 00:01:03 . Memory (MB): peak = 916.996 ; gain = 658.809
Finished IO Insertion : Time (s): cpu = 00:01:02 ; elapsed = 00:01:05 . Memory (MB): peak = 916.996 ; gain = 658.809
Finished Renaming Generated Instances : Time (s): cpu = 00:01:02 ; elapsed = 00:01:05 . Memory (MB): peak = 916.996 ; gain = 658.809
Finished Rebuilding User Hierarchy : Time (s): cpu = 00:01:02 ; elapsed = 00:01:05 . Memory (MB): peak = 916.996 ; gain = 658.809
Finished Renaming Generated Ports : Time (s): cpu = 00:01:02 ; elapsed = 00:01:05 . Memory (MB): peak = 916.996 ; gain = 658.809
Finished Handling Custom Attributes : Time (s): cpu = 00:01:02 ; elapsed = 00:01:05 . Memory (MB): peak = 916.996 ; gain = 658.809
Finished Renaming Generated Nets : Time (s): cpu = 00:01:03 ; elapsed = 00:01:05 . Memory (MB): peak = 916.996 ; gain = 658.809

Report Cell Usage: 
+------+------+------+
|      |Cell  |Count |
+------+------+------+
|1     |BIBUF |   130|
|2     |BUFG  |     1|
|3     |LUT1  |   112|
|4     |PS7   |     1|
+------+------+------+
Finished Writing Synthesis Report : Time (s): cpu = 00:01:03 ; elapsed = 00:01:05 . Memory (MB): peak = 916.996 ; gain = 658.809
synth_design: Time (s): cpu = 00:01:06 ; elapsed = 00:01:09 . Memory (MB): peak = 925.344 ; gain = 675.078
